文書: 0928_meikeiyou_mix/sougou_giken.txt
         TF-IDF
死刑         3096
被告         3092
犯行         2966
弁護         1982
公判         1709
検察         1701
有罪         1558
一揆         1498
特攻         1452
強盗         1438
無罪         1409
拉致         1293
慰安         1259
暴行         1202
供述         1195
司馬         1085
参謀         1059
県警         1056
放火         1047
虐殺         1033
隕石         1014
被疑         1013
上告          995
震度          972
被爆          971
原爆          939
民主党         920
人質          918
辞任          911
震源          892
機長          874
警官          867
射殺          855
最高裁         851
誘拐          846
地方裁判所       834
気象庁         831
強姦          828
自民党         815
加害          798
連行          764
離陸          752
疑惑          748
未遂          741
黒人          733
自白          727
高裁          715
性的          701
詐欺          696
捏造          687
断層          676
少将          672
マグニチュード     670
演説          669
虐待          662
ハイジャック      662
原子          662
逃走          658
ストライキ       644
管制          631
猶予          625
古墳          620
再審          609
無期          607
遺棄          605
巡査          603
求刑          602
拘置          601
赤穂          600
白人          598
部落          594
救難          577
鎮圧          575
監禁          573
暴力団         573
クーデター       570
政党          570
拷問          567
出撃          563
裁判官         562
浅野          560
治水          558
世論          556
中将          555
地検          553
過失          553
収監          551
面会          551
本件          546
fbi         545
次男          544
公安          543
占拠          537
失業          533
降伏          520
永田          519
家臣          516
身元          515
即位          515
辞職          515
虚偽          514
速報          508
消息          503
ニクソン        503
実名          498
検事          497
主犯          494
判事          486
尋問          486
蜂起          484
秘書          481
空母          477
fifa        476
赤軍          475
野党          472
乗務          472
原告          470
宣告          468
参議院         467
ボーイング       465
審理          459
養子          457
弾圧          455
下院          453
右翼          452
土砂          448
ミサイル        447
球団          445
検挙          435
命中          435
志願          435
浸水          434
特攻隊         432
録音          432
服役          432
ジョンソン       432
検察庁         432
出所          431
告訴          429
少佐          428
魚雷          427
受給          426
インディアン      426
艦長          424
検察官         423
海兵          421
女児          421
長女          421
ハリケーン       419
真相          418
警察庁         418
時効          417
飢饉          415
教団          412
没年          411
人事          410
冤罪          408
共犯          408
社会党         408
旅団          405
全柔連         404
解任          402
取り調べ        401
実家          400
群衆          399
中国共産党       394
水害          394
サリン         392
運航          390
オウム真理教      390
身柄          389
主席          388
有害          385
左派          383
郡上          380
行進          380
乗降          380
少尉          378
中佐          378
中隊          377
タイタニック      376
給付          375
青少年         375
戦没          375
首脳          374
防火          372
国務          372
キネマ         371
否認          370
いじめ         369
調書          368
不当          367
党員          364
王位          361
略奪          360
ロッキード       357
撃沈          357
プロパガンダ      356
官房          355
共和党         355
テロリスト       354
首謀          353
停電          351
柔道          350
大久保         350
陪審          350
強要          349
消防庁         344
客室          344
公訴          343
告白          339
上杉          339
ナチ          338
ギャング        338
ゲリラ         335
大石          334
司祭          333
isil        333
偵察          332
在位          332
交際          332
実刑          332
cia         332
旅客機         330
側近          329
遺骨          329
撃墜          329
守備          329
人道          328
予知          327
読売新聞        327
突撃          326
大雨          325
交通省         324
幹事          324
談話          323
坂口          323
降水          322
倒壊          320
戦果          320
エドワード       320
共謀          320
迫害          320
同志          318
自供          318
糾弾          317
内戦          315
押収          314
経度          314
日活          313
近海          313
牧師          312
閣僚          312
ポルノ         311
マキノ         311
訴追          311
西郷          311
リンチ         311
無実          309
細川          309
事案          307
脚本          307
美濃部         306
uss         306
不祥事         304
府警          304
君主          304
中尉          304
巡洋艦         303
注意報         303
天明          302
入隊          300
囚人          300
銃弾          299
政界          299
配下          298
中曽根         298
ホワイトハウス     296
懲戒          296
特捜          296
毛沢東         295
武将          295
陥落          294
外務          294
言論          294
八百長         293
フランク        292
男児          292
哨戒          291
乱射          291
弁論          291
毒性          290
nasa        290
回想          290
麻原          288
自決          288
部族          287
護国          285
常務          285
署長          285
家督          285
擁立          285
憲兵          284
賄賂          284
自爆          283
事変          282
封鎖          282
身代金         282
弾劾          282
制裁          282
暴徒          282
上京          281
毎日新聞        281
お前          280
反日          280
狙撃          279
脱走          278
遠藤          277
討伐          277
ホロコースト      277
騎兵          277
伯爵          277
失脚          276
神父          276
ムハンマド       275
医学部         275
ヨーク         275
ブレーキ        274
オウム         274
争議          273
殺傷          273
投獄          272
炎上          272
訂正          271
中傷          271
親衛隊         270
機密          270
凶器          269
摘発          269
地震動         268
憲政          268
吉良          268
小田島         268
核兵器         268
国民党         267
パターソン       267
産経新聞        266
内務          266
抗争          266
汚職          265
薩軍          264
入国          264
風刺          264
家老          263
天正          263
太子          263
独裁          263
メモ          261
マフィア        260
小沢          260
出火          260
アンリ         259
教諭          259
大津          258
賭博          258
こわし         257
取調べ         257
海溝          257
残骸          257
ポリス         255
管区          254
終身          253
耐震          253
当主          253
スキャンダル      252
クーパー        252
愛人          252
長州          252
与党          251
ハル          251
パレスチナ       250
河野          249
ガソリン        249
黎子          247
戦犯          247
小泉          247
陣営          247
官邸          246
漏洩          246
雨量          246
握手          246
軍部          246
三陸          246
パニック        245
機内          245
ムスリム        245
病死          245
水位          244
摂取          244
ヘンドリックス     244
**********************************************************




文書: 0928_meikeiyou_mix/sougou_animal.txt
           TF-IDF
幼虫           1292
寄生           1092
宿主           1063
化石           1015
生殖            968
成虫            811
幼生            793
体長            774
脊椎動物          752
学名            728
産卵            653
獲物            649
分泌            640
ハチ            628
節足動物          627
爬虫類           613
タンパク質         566
イヌ            550
触手            540
寄生虫           539
マラリア          527
クラゲ           515
胚葉            515
孵化            504
リンパ           489
体温            476
染色            471
両生類           466
肉食            448
交尾            423
騎手            420
ウシ            413
胞子            408
飼料            407
成体            407
ミツバチ          403
血管            397
四肢            383
クモ            381
甲殻            371
ブタ            356
変異            355
和名            351
吸虫            351
形質            350
上皮            348
恐竜            346
摂取            345
養殖            331
変態            325
肛門            320
淡水            316
退化            315
調教            312
精子            309
雌雄            309
体腔            300
生後            297
受精            295
軟骨            288
食肉            287
交配            285
脱皮            285
ホルモン          284
胎生            284
病原            283
サンゴ           273
原虫            272
トカゲ           267
体毛            265
ウサギ           259
遊泳            259
ラクダ           258
脂肪            255
ヘビ            254
漁獲            254
毒性            252
縄張り           251
深海            250
飼い主           249
ミミズ           244
飛翔            243
ワニ            241
羽毛            240
牡馬            239
スズメバチ         238
フグ            237
触角            237
培養            234
ミーム           232
ヒツジ           231
クジラ           230
粘液            230
酵素            225
水生            223
動脈            222
斑紋            220
騎乗            217
脊索            217
肝臓            217
軟体動物          216
体外            215
性的            214
酢酸            214
捕鯨            213
幼体            212
繊毛            211
卵生            211
フィブロネクチン      209
配偶            208
胎児            206
発育            205
脊髄            204
鳥獣            202
内臓            202
チンパンジー        201
線維            199
静脈            199
鼻孔            199
ウナギ           198
オオカミ          198
害虫            197
フィラリア         197
前肢            196
プランクトン        196
コラーゲン         194
変身            194
代謝            193
獣医            193
エビ            193
産地            193
チョウ           193
後肢            191
霊長            191
甲板            190
クローン          189
因子            187
成岡            187
投与            187
習性            186
魚道            186
真珠            186
乱獲            186
受精卵           185
竹島            179
ウニ            178
コロニー          178
ダニ            177
英名            177
症候群           177
原生            177
咽頭            176
野鳥            176
イノシシ          175
卵胞            174
上顎            174
ハエ            174
小名            174
子宮            173
吸血            173
インフルエンザ       173
微生物           172
臨床            172
哺乳            170
天敵            170
収縮            169
表皮            168
斑点            167
モンゴロイド        166
花粉            166
糸状            166
頭骨            165
鋏角            165
ピクミン          164
ラット           163
陰茎            162
水深            161
深海魚           161
ips           161
毛色            160
海綿            159
八丈小島          157
鳴き声           156
サメ            156
ヒョウ           156
厩舎            155
薬剤            154
カメ            153
草原            153
養蜂            152
粘膜            152
貝類            152
亜紀            152
草食            151
漁船            151
臼歯            151
糞便            151
ミトコンドリア       150
濾過            150
愛玩            148
アノマロカリス       148
グリーンピース       148
コウモリ          148
同定            147
相称            146
雑食            145
扁平            145
類縁            144
水族館           144
ゲノム           141
大脳            141
尿道            141
同性            140
下痢            139
近親            139
馬主            138
冬眠            138
カルシウム         138
羽化            138
以南            138
ムカデ           137
有性            137
牝馬            137
シカ            137
血統            137
固着            136
赤血球           135
越冬            135
臓器            134
カンブリア         134
es            133
ハマダラカ         133
カニ            132
農薬            132
殺虫            132
ポリプ           132
アンゴラ          132
wwf           132
無性            131
顕微鏡           130
発酵            130
死骸            130
淡水魚           129
後端            129
雑種            129
硬骨魚           129
棲息            129
虐待            128
不全            128
ビタミン          128
闘牛            128
出走            128
有毒            127
腸管            127
交雑            127
婚姻            127
別種            126
水質            126
乗馬            126
二枚貝           125
観賞            125
嗅覚            124
体液            123
魚介            123
ヒトデ           122
隆起            122
peta          122
便意            121
尾長            121
ロバ            121
佐々            120
炎症            120
塩基            120
反芻            119
牛肉            119
網膜            119
腎臓            118
多毛            118
馬術            118
サンゴ礁          117
基底            117
麻痺            117
剥製            117
シーシェパード       117
ケージ           116
アミノ酸          116
翅目            116
頭蓋骨           116
シラミ           116
ユーラシア         115
水温            115
窒素            114
象牙            114
バッタ           113
吻端            113
ドメイン          112
頸部            112
棘皮動物          112
太く            112
回虫            112
ミクロフィラリア      112
経口            111
排卵            111
腫瘍            111
頭数            110
上目            110
ニワトリ          109
牛糞            109
去勢            109
胎盤            109
エナメル          109
膀胱            108
威嚇            108
海産            108
地層            108
脊椎            108
小腸            108
毛細血管          107
バク            106
河童            106
癒合            106
椎骨            105
生理学           105
血清            105
稚魚            104
クワガタムシ        104
ノミ            104
環境省           104
メチル           104
抗体            104
鎖骨            103
女王蜂           103
口腔            102
卵巣            102
背鰭            102
新種            102
複眼            102
排尿            101
ハプログループ       101
休眠            101
唾液            101
シロアリ          100
古生代           100
バチ            100
原産            100
エサ            100
麻酔             99
菌類             99
赤褐色            99
大腿             99
母乳             99
外敵             99
屠殺             99
ワクチン           99
雨林             99
トンボ            99
胞胚             98
藻類             98
石灰             98
近海             98
ミヤイリガイ         98
発情             98
シスト            98
皮質             98
カブトムシ          97
眼球             97
有害             97
ムカシトカゲ         96
天然記念物          96
サソリ            96
ウミユリ           96
毛虫             96
卵子             96
卵黄             96
家禽             95
jra            95
脂肪酸            95
心筋             95
飼養             95
有尾             95
前翅             94
ダチョウ           94
興奮             94
血縁             94
ddt            93
密猟             93
正中             93
人糞             93
尻尾             93
巻貝             92
基質             92
利他             92
エナンティオルニス      92
営巣             92
豚肉             92
ペルム            92
扁形             92
散布             91
ホヤ             91
オーシスト          91
**********************************************************




文書: 0928_meikeiyou_mix/sougou_medical.txt
              TF-IDF
臨床              2636
投与              2380
薬剤              1424
副作用             1312
ワクチン            1153
麻酔              1150
症候群             1010
口腔               990
療養               954
血管               949
処方               926
薬剤師              885
医学部              844
病理               804
腫瘍               798
酵素               784
摂取               776
製剤               732
ベンゾジアゼピン         706
代謝               703
注射               691
毒性               667
急性               666
赤十字              664
精神病              659
タンパク質            647
精油               642
鍼灸               642
who              629
接種               616
抗体               612
薬局               607
臓器               602
瞑想               591
太極拳              579
薬学               579
静脈               573
給付               569
因子               559
マッサージ            553
たばこ              550
血圧               547
服用               542
漢方               518
ケア               514
炎症               509
hiv              506
製薬               499
経口               497
結核               489
大麻               479
不全               467
エナメル             465
ビタミン             463
農薬               463
アレルギー            462
医薬               461
診察               461
病原               458
リンパ              458
咬合               450
分泌               448
染色               447
禁煙               444
調剤               440
ヨーガ              437
医科               427
動脈               423
マラリア             420
抗生               420
陽性               420
内科               419
有害               418
ドクター             414
糖尿               412
インフルエンザ          412
乱用               397
用量               390
肝臓               390
輸血               390
mg               381
インスリン            379
重症               379
失業               376
化物               375
鎮痛               374
施術               370
微生物              369
悪性               369
蛋白               366
抗原               358
受診               357
肝炎               348
子宮               346
ホルモン             344
厚生省              341
上皮               340
象牙               339
薬事               338
疼痛               338
軍医               337
骨折               334
ハンセン病            334
臼歯               327
カルシウム            322
外傷               321
病変               319
血糖               315
心身               313
線維               310
うつ病              310
培養               309
禁酒               302
罹患               300
粘膜               300
凝固               299
歯学               298
生薬               298
献血               297
天然痘              296
専門医              296
エイズ              295
薬理               293
生理学              293
胎児               290
オピオイド            289
治験               287
心室               285
頭痛               282
指圧               279
拮抗               276
局所               276
ステロイド            275
変異               273
作物               273
処方箋              272
消毒               270
宿主               269
効能               269
血清               268
血漿               268
収縮               266
脂肪               265
超越               264
health           264
殺菌               263
リハビリテーション        263
ホメオパシー           262
合併症              262
fda              262
ペスト              262
整復               259
脊髄               257
失調               256
所見               256
陰性               255
病棟               255
蒸留               255
体外               254
鎮静               253
腎臓               253
武術               252
心拍               252
疫学               251
病態               250
優生               250
核酸               250
肺炎               249
柔道               248
助産               245
傷病               245
嘔吐               243
上顎               242
被験者              242
体液               242
手技               241
透析               241
財前               240
避妊               238
フィブロネクチン         237
麻痺               236
医院               236
てんかん             235
下痢               235
抗菌               235
oecd             234
ebv              234
寄生虫              232
吸入               231
切除               230
rna              229
医局               228
形質               227
蘇生               227
殺虫               226
medical          223
薬効               221
壊死               221
採血               220
あん摩              220
溶解               220
大腸               219
歯根               215
コレラ              214
ml               214
末梢               214
投薬               212
歯学部              212
検疫               212
予後               211
びょう              211
骨髄               210
薬学部              210
高分子              210
アミノ酸             210
脚気               210
芳香               210
唾液               209
整体               208
歯髄               208
脂肪酸              208
転移               207
心房               207
カウンセラー           206
気管               206
ハーブ              205
病床               205
ニコチン             205
検診               203
心肺               202
救護               201
磁場               201
禁忌               200
省令               200
カルテ              199
種痘               198
催眠               197
レモン              196
不整脈              195
妊婦               193
興奮               193
生殖               192
医業               192
軽度               191
スクリーニング          191
新生児              189
薬師               188
香料               187
ポリオ              186
院内               186
義歯               185
理学               184
心電図              184
薬用               183
亢進               183
産婦人科             183
はり               181
美容               181
先天               181
弛緩               180
気管支              180
マツ               179
アーユルヴェーダ         179
梅毒               179
エビデンス            179
ヒスタミン            178
medicine         177
性的               176
動態               176
止血               176
mri              175
術後               174
産科               173
配合               173
ips              170
チャネル             170
検体               169
曝露               167
潰瘍               167
皮質               167
気道               167
日本赤十字社           166
電位               166
胃腸               166
滅菌               166
歯肉               164
アルツハイマー          164
嚢胞               164
毒物               164
ドナー              164
フィラリア            163
感受性              161
脳神経              160
gp               160
球菌               160
クローン             159
精子               159
本草               159
ヘルスケア            158
服薬               158
保健所              157
小腸               157
手足               157
薬局方              157
病状               157
インフォームドコンセント     156
カテーテル            156
ペプチド             155
皮下               155
手塚               155
体温               155
血小板              155
在宅               154
八丈小島             154
薬草               154
苦痛               154
血栓               154
過敏               153
過失               153
漢方薬              153
有意               152
甲状腺              152
メディカル            152
脂質               151
膀胱               151
石灰               150
置換               150
カイロプラクティック       150
顎骨               150
佐々               149
撲滅               148
減量               148
カウンセリング          148
点滴               148
公費               146
クリニック            146
不妊               146
顕微鏡              146
塩基               145
歯槽               145
造影               145
経絡               145
難病               145
カリウム             144
喘息               144
新薬               144
薬師如来             143
安楽               143
算定               142
ヨガ               142
赤血球              142
入所               142
心筋               141
ゲノム              140
風邪               140
幻覚               139
睡眠薬              139
自閉症              139
主治医              139
傷寒               139
気功               139
ph               137
萎縮               137
眼科               136
乳児               136
原子               136
腸管               135
補綴               135
乳幼児              135
貧血               135
害虫               135
学名               134
基次郎              134
ブドウ              134
侵襲               134
新月               134
レイキ              134
ナース              133
点数               132
異物               132
摘出               132
公益社              132
食欲               132
nhs              131
吸虫               131
脱毛               131
発癌               131
同定               131
変性               130
分娩               130
内服               130
虫歯               129
軟膏               129
qrs              129
コリン              129
ヒポクラテス           129
角膜               128
修飾               128
縫合               128
鑑別               128
**********************************************************




文書: 0928_meikeiyou_mix/sougou_history.txt
             TF-IDF
君主             1946
部族             1689
騎士             1674
即位             1588
十字軍            1550
騎兵             1502
マルクス           1404
ムスリム           1391
公国             1372
ナポレオン          1287
降伏             1261
蜂起             1230
大公             1225
エルサレム          1225
王位             1213
内戦             1195
黒人             1185
在位             1089
アルメニア          1078
アルバニア          1049
虐殺             1032
白人             1019
マケドニア          1006
政党             1006
クレタ             985
修道院             976
パレスチナ           973
ユーゴスラビア         962
聖職              952
ルイ              949
正教会             935
キリスト教徒          934
グルジア            934
鎮圧              921
改宗              908
聖堂              906
ティムール           892
先住民             887
滅亡              886
クーデター           849
コソボ             823
土器              820
ハプスブルク          816
略奪              812
陥落              801
中央アジア           800
司教              797
弾圧              788
グレゴリオ           787
プロテスタント         785
独裁              782
学派              768
インディアン          763
治世              763
主権              763
諸侯              751
スラヴ             749
砲撃              730
死刑              718
主教              717
ルター             717
キエフ             705
モロッコ            705
封建              699
フランク            690
領有              678
碑文              674
王権              671
コンゴ             647
装甲              643
エンゲルス           640
城壁              640
兵力              638
封鎖              637
和平              635
旧暦              634
蝦夷              631
シチリア            618
ゲリラ             615
ビルマ             612
イベリア            608
戦力              605
神学              603
民法              598
ムハンマド           595
アッバース           593
マルクス主義          588
ゴート             587
使節              586
列強              586
王家              583
スロベニア           575
マムルーク           573
フリードリヒ          572
講和              571
傭兵              569
ユリウス            562
アルジェリア          561
戦列              559
閏年              552
カルタゴ            552
ヘーゲル            550
正統              549
ビザンツ            547
遊牧民             547
イエス             546
匈奴              544
領地              544
アナトリア           544
原子              540
割譲              538
メソポタミア          536
艦長              528
ハン              528
掌握              524
守備              521
テュルク            517
演説              514
宰相              514
船団              513
ボヘミア            512
ハイデッガー          512
マリア             512
ルクセンブルク         506
進軍              505
攻勢              503
カリフ             503
バグダード           502
ネーデルラント         502
徴兵              498
提督              498
摂政              496
母音              493
世俗              490
教義              489
清朝              487
スルタン            484
抗争              482
交戦              480
迫害              475
年表              470
古墳              470
伯爵              469
遊牧              469
カスティーリャ         469
王政              468
クリミア            468
法典              468
撃退              467
軍勢              466
ウイグル            465
通商              464
教団              463
大司教             462
リスボン            459
コロンブス           459
バスク             458
王族              456
ナイル             455
イスタンブール         455
モスク             455
エストニア           453
関税              449
遺構              449
ルマン             445
ソマリア            438
硬貨              438
青銅器             434
ヘブライ            434
銀貨              434
ドナウ             434
朝貢              433
巡洋艦             432
停戦              431
布教              428
スーダン            428
使者              427
反撃              427
ダマスカス           427
リビア             426
バルト             425
化石              425
コンスタンティノープル     422
帝政              420
松前              420
赤軍              418
撃破              417
アンゴラ            416
占星術             416
辺境              412
鋳造              412
福音              410
従属              407
年始              407
集権              406
治水              405
灌漑              405
占拠              403
理性              403
覇権              402
インド洋            399
急進              397
イデオロギー          396
南下              391
突厥              390
人質              390
バビロニア           390
立憲              390
ラインハルト          390
マラッカ            388
国教              388
本書              386
弱体              386
エドワード           384
左派              384
民兵              383
盆地              382
廃車              381
サーサーン           380
ルーシ             380
領内              379
宣戦              379
商船              378
失業              377
イヤ              377
シャクルトン          376
ケルト             376
議席              376
フラン             374
ミサイル            374
預言              373
セルジューク          373
援軍              373
少将              372
アテ              371
党派              369
ジェノヴァ           369
旅団              368
奪還              368
陣地              367
休戦              366
サンスクリット         365
伝記              365
マニラ             365
中将              365
史観              364
司祭              364
ジャ              364
文法              362
アラゴン            362
枢軸              360
北極              358
台車              357
宗主              355
アレクサンドロス        355
専制              355
コサック            355
黒海              355
辞任              354
忠誠              354
アリストテレス         353
金貨              352
ノヴゴロド           351
法学              351
ザクセン            351
奪取              348
チンギスカン          347
民主党             346
プラハ             345
突撃              345
世襲              344
国民党             344
バルカン半島          343
元号              343
天下              342
進撃              340
チュニジア           339
ペスト             338
委任              334
スターリン           332
スキ              330
レーニン            330
武将              330
農奴              329
サハラ             329
世論              329
兵役              328
ケベック            328
インフレ            327
参謀              326
イエズス            326
立法              326
同化              325
陣営              325
ジャワ             324
太陽暦             324
ナショナリズム         322
カタルーニャ          322
飢饉              321
ヤン              321
インカ             320
ハイチ             318
宣教師             318
アンティオキア         318
カイロ             317
批准              316
ブダペスト           316
ナチ              315
穏健              314
出港              314
アゼルバイジャン        313
諸語              312
アレクサンドリア        312
トルキスタン          312
旧石器時代           312
拿捕              312
軍部              311
公爵              310
王妃              310
マゼラン            310
首脳              310
退位              309
討伐              308
イルハン            308
没収              306
プトレマイオス         304
西域              303
ジョチウルス          301
バルト海            299
元素              299
染色              299
鉄器              299
ユーラシア           298
ヴァイ             298
失脚              298
王宮              298
ドロ              298
家臣              297
史実              297
洗礼              296
党員              295
司馬              295
味方              295
キプロス            294
スパルタ            294
西岸              292
閣僚              292
抑圧              292
シャルル            292
アーリア            291
騎馬              290
サラエヴォ           290
アサド             290
旧約              290
叙事詩             290
打倒              290
モンテネグロ          289
戴冠              289
プラトン            289
解読              289
毛沢東             288
外相              288
管区              288
艦船              288
内政              287
フス              286
退却              286
ブエノスアイレス        284
西アフリカ           284
子音              284
アンリ             284
憲章              283
ボスニア            283
シーア             283
右翼              282
先史              281
高雄              280
実権              280
氏族              279
ボスニアヘルツェゴビナ     278
経度              278
祖国              277
ナポリ             277
マルク             277
議定              276
ライ              275
原住民             274
ハーン             274
内乱              273
史学              272
フレグ             272
千年紀             271
ホロコースト          271
いじめ             270
ラクダ             270
儒教              269
オリエント           269
志願              268
インディオ           267
単数              267
**********************************************************




文書: 0928_meikeiyou_mix/sougou_engineer.txt
              TF-IDF
ビット             1154
実装               880
ナノ               826
オブジェクト           728
アーキテクチャ          697
原子               682
半導体              678
応力               639
メモリ              639
ばね               587
ハードウェア           554
xml              549
プログラミング          541
プロセッサ            509
ブレーキ             506
アプリケーション         496
演算               479
レジスタ             479
伝送               475
変数               454
テクノロジー           449
積算               433
モデリング            423
cpu              414
iso              406
素子               393
燃費               387
位相               379
nm               374
符号               369
揚力               363
量子               356
台車               338
アドレス             333
電極               331
アルゴリズム           319
工学科              309
トルク              306
基板               305
定理               305
プリンター            305
変調               299
発泡               298
配線               297
インピーダンス          296
気筒               294
蒸留               293
ノイズ              289
ibm              286
nasa             285
触媒               284
シリンダー            284
造船               276
排気               273
水車               273
鉛筆               272
os               271
毒性               266
窒素               265
活字               259
モジュール            258
波長               258
グリース             256
断熱               254
シリコン             253
録音               251
ノード              251
作物               250
主翼               247
ディーゼル            245
薬莢               240
雑音               240
製鉄               239
銃身               238
cad              232
インバータ            232
ユーザ              232
灌漑               230
送電               230
ホイール             229
エラー              226
windows          226
治水               226
ガソリン             225
製図               223
codice           222
気体               221
パイプライン           219
データモデル           218
直列               217
酵素               216
電線               216
engineering      216
スキーマ             215
hd               214
音速               214
振幅               213
ieee             213
装填               212
インタフェース          212
尾翼               211
療養               208
コンポーネント          207
タンパク質            205
サーバ              205
エンジニアリング         203
raid             202
ローター             198
軸受               198
ワーク              197
遊底               196
var              195
炭化               195
mt               193
起動               191
フーリエ             191
回線               190
プラグ              190
函数               189
旋回               188
抗力               187
変圧               186
インキ              185
溶媒               185
電荷               185
dtp              185
置換               185
有害               183
バイト              181
誘電               179
高分子              178
写植               178
端子               177
吸着               176
摩耗               175
サージ              174
ピストン             174
サスペンション          174
重合               173
歯車               173
フィルタ             171
放電               171
工科               171
剛性               170
工法               170
小銃               169
パルス              169
回生               169
整数               169
can              168
溶解               167
露光               165
代数               165
ドメイン             165
idef             164
溶液               164
試料               163
帯域               163
造園               162
導体               162
整流               162
ros              162
気流               161
メソッド             161
スタック             161
周波               159
塩化               159
鋳造               159
顕微鏡              159
ベクトル             159
波形               159
製版               158
耐熱               158
溶融               158
パケット             157
交通省              157
研磨               157
oem              156
キャッシュ            156
タイヤ              156
オーディオ            156
コンパイラ            156
フロー              156
プロトコル            156
積分               154
サンプリング           153
センサ              153
整合               152
レート              152
コントローラ           151
単価               148
元素               148
インテル             148
組版               148
ダイオキシン           148
タービン             148
ip               148
精油               147
蒸発               147
定常               147
変位               147
クロック             145
高周波              145
エンド              145
トランジスタ           145
切削               144
被曝               144
インダクタンス          144
マルコーニ            143
ボッシュ             143
不純物              142
電化               142
電解               142
理工               142
充電               139
オペレーティングシステム     139
数量               139
土砂               138
mips             137
光速               136
共振               136
低速               136
モーメント            136
グライダー            136
推力               136
静的               135
描画               135
ピン               134
臨界               134
失速               134
ディーゼルエンジン        133
マイクロソフト          133
家電               133
電信               133
電磁               132
油圧               132
音源               132
エッチング            131
粘性               131
暗号               131
車軸               131
粉砕               130
点字               130
タスク              129
カーネル             129
ターボ              129
アンモニア            129
磁場               129
薄膜               128
フォント             128
エレクトロニクス         127
euv              127
オーダー             127
uml              127
linux            126
プログラマ            126
mit              126
プラズマ             126
旅客機              126
脱線               125
sql              125
kw               125
冗長               125
馬力               124
避雷               123
解像度              123
摂取               123
クランク             122
短絡               122
蓄電池              122
スピーカー            122
塩素               122
引数               122
採掘               121
スペクトル            121
コンセント            120
バグ               120
火器               120
低圧               120
khz              120
局所               120
臨床               118
一酸化              118
溶剤               117
遷移               117
等価               117
電位               117
ロール              117
弾倉               117
たたら              116
計器               116
弾丸               116
歪み               115
遠心               115
乗務               115
nc               114
訂正               114
プロトタイプ           114
トヨタ              114
転移               114
セッション            114
ワゴン              114
架橋               114
離陸               114
ワイヤ              113
精製               113
水力               113
塑性               112
噴射               112
ボイラー             112
内燃               112
記法               111
火縄銃              111
校正               111
緑地               111
電磁波              111
雷管               111
スーパーコンピュータ       110
ニュートン            110
主審               110
従属               110
形質               110
物性               110
入出力              110
アーム              110
界面               110
発火               109
照準               109
ブレード             109
理学               109
給付               108
硝酸               108
フランジ             108
印刷物              107
ガソリンエンジン         107
正弦               107
vvvf             107
シリコーン            106
コンサルタント          106
亜鉛               106
リソース             105
エンタープライズ         105
微粒子              105
architecture     105
ミサイル             105
感光               105
iec              105
シャフト             105
pm               105
紫外線              105
model            104
technology       104
インクジェット          104
risc             104
構文               103
lsi              103
plc              103
ハンマー             103
コマンド             102
硫化               102
ドット              102
微生物              102
微分               102
水蒸気              102
ia               102
マイクロプロセッサ        102
セダン              101
リソグラフィ           101
ニッケル             101
印字               101
銃器               101
ウィリアムソン          101
コンペ              101
インスタンス           101
小数点              100
めっき              100
客室               100
中性子              100
オフセット             99
ウェハー              99
シーケンス             99
沸点                99
発癌                99
ライブラリ             99
チャネル              98
矩形                98
crm               98
流量                98
電算                98
せん断               98
気動車               98
プリンタ              98
api               97
ゲノム               97
原価                97
ライフル              96
メチル               96
吸気                96
養育                95
stem              95
**********************************************************




文書: 0928_meikeiyou_mix/sougou_movie.txt
             TF-IDF
脚本             9556
吹替             2745
コメディ           2444
前作             2407
ノミネート          2126
録音             1996
ゴジラ            1772
日活             1626
長編             1601
実写             1595
ハリウッド          1587
ホラー            1525
再会             1451
怪獣             1404
rotten         1342
サウンドトラック       1337
tomatoes       1337
復讐             1305
リメイク           1298
合作             1268
ハリー            1242
シネマ            1240
青春             1217
吹き替え           1206
男優             1180
カンヌ国際映画祭       1157
共演             1155
ヒロイン           1120
マキノ            1096
プレミア           1074
ヒーロー           1068
マイケル           1065
フランク           1048
親友             1037
射殺             1024
トム             1023
満点             1007
大映             1005
metacritic     1000
シナリオ            975
探偵              975
チャップリン          968
ジョー             961
強盗              948
ポルノ             947
レイ              937
仮面ライダー          928
警官              926
劇映画             912
ギャング            907
魔法              893
黒澤              868
ヤクザ             863
殺し              862
サム              851
誘拐              839
ピーター            836
ディズニー           830
サラ              824
角川              821
キネマ             804
黒人              799
アダルト            790
コミック            788
告白              787
コンペティション        766
サスペンス           764
チャーリー           762
助演              762
トニー             744
加重              742
脚色              738
邦題              737
仮面              736
セックス            734
トーキー            717
変身              716
ベン              715
降板              713
現像              711
予告編             697
洋画              696
マックス            686
エンディング          684
新作              672
婚約              668
ゴダール            667
喧嘩              667
キャスティング         664
白人              659
怪物              649
フォックス           647
ビリー             643
ボンド             639
大作              637
戯曲              636
モノクロ            621
おしん             615
ラスト             614
何者              614
バットマン           609
エイリアン           606
潜入              606
ニック             602
アレックス           601
寅次郎             598
マフィア            597
単行本             595
アリス             593
喜劇              592
ガメラ             586
作画              586
セリフ             584
天使              583
クリス             582
ゾンビ             582
逃走              580
試写              579
深作              574
オーディション         573
実家              570
スピーカー           570
脱走              565
vs              558
vhs             556
人質              552
オファー            550
一味              548
キス              544
ムービー            543
メイク             541
必死              541
伝記              538
ふたり             536
キネマ旬報           532
ジム              532
真相              531
コンビ             529
ジョニー            528
仁義              527
ルパン             524
友情              524
助監督             522
スリラー            514
パロディ            512
見事              508
呪い              504
要約              504
bluray          503
トロント            502
授賞              500
愛人              498
講談社             492
ワーナーブラザース       492
全編              490
スーパーマン          488
パラマウント          487
fbi             487
相棒              486
上司              485
怪人              483
アーサー            481
音源              477
メアリー            473
絶望              472
お前              465
回想              465
魔女              462
マリア             462
結末              462
film            461
パーティ            458
泥棒              455
カメラマン           455
ベストテン           454
やくざ             453
マーティン           451
アンナ             450
ロードショー          449
出会い             446
抗争              446
女の子             445
メン              444
プロデュース          442
ウィル             440
同級生             440
ジョナサン           437
cia             437
プロット            436
性的              433
劇団              430
騎士              429
movie           428
交際              426
ローズ             422
勝負              421
初演              421
絶賛              421
オーディオ           418
パニック            418
抜擢              414
幽霊              413
リアル             411
スターウォーズ         410
ルピー             409
愛情              408
スコア             408
アンディ            407
明日              406
小津              404
ウルトラマン          403
悪役              403
love            403
孤児              402
チャン             401
ジャッキー           400
エリック            400
ova             399
決戦              399
脱獄              399
実話              397
台本              396
思い出             395
ブライアン           395
ジェーン            391
ロビン             390
ブルース            389
神父              389
ウルヴァリン          388
吸血鬼             387
浮気              387
忍者              387
part            385
エージェント          385
エキストラ           384
高倉              383
恐竜              382
指輪              381
若き              380
ゴードン            379
アラン             378
警部              378
デート             377
囚人              377
ロケーション          377
ジェイソン           375
ガール             375
決闘              374
感動              373
司会              373
クランクイン          373
クライマックス         372
オムニバス           372
死刑              370
ローラ             370
ダニエル            368
役名              365
デヴィッド           365
牧野              364
祖母              363
不倫              363
トミー             362
コミックス           360
ブロードウェイ         360
詐欺              359
配役              356
実録              356
貞子              356
ルーカス            354
円谷              353
ショット            353
ダニー             353
レコーディング         352
プレゼント           351
ケリー             350
菅原              350
村人              348
サウンド            348
ジェリー            348
つらい             347
テッド             347
ラブ              346
出所              344
推理              344
大金              344
ミュージック          343
嫉妬              343
傑作              342
ジェイク            342
you             342
歌唱              342
カメオ             341
娼婦              341
ボブ              340
ライアン            338
アダム             338
片岡              338
拉致              338
虐待              336
併映              335
アニー             333
ケイト             333
残酷              331
ドラキュラ           330
犯行              329
同館              328
強奪              328
ハンナ             327
ミステリー           327
ミュージシャン         327
レーベル            326
酷評              326
エディ             325
スピンオフ           323
邦画              323
拷問              322
ジャズ             322
ベストセラー          321
赤ん坊             321
美人              321
承諾              320
誘惑              320
キャサリン           319
長篇              318
少佐              317
スコープ            317
プレデター           317
伯爵              317
ラストシーン          316
ロン              316
エンターテインメント      314
マリー             313
wowow           312
テロリスト           311
手下              311
富豪              310
平凡              310
スピルバーグ          310
集英社             310
マット             309
任侠              309
アレンジ            309
ヌード             308
遺作              308
女子高             308
クレア             308
味方              307
名作              307
ジミー             306
ダンサー            306
スーザン            306
mgm             305
暗黒              305
ゴースト            305
魔術              303
エドワード           302
酒場              302
原田              302
代役              301
上京              301
アドベンチャー         300
始末              300
面会              299
ボーイ             298
ギター             298
リリー             298
浪曲              297
怪談              297
ケン              296
レオ              296
荒野              295
監禁              295
用心棒             295
レイチェル           294
おんな             294
笠原              294
外伝              293
小学館             293
リサ              293
角川書店            293
モスラ             292
野郎              292
ボビー             292
符号              291
魔法使い            291
狙撃              290
ロマンティックコメディ     290
獅子              290
暴力団             290
ターミネーター         289
情熱              289
居場所             288
シネマスコープ         287
ライ              285
netflix         285
クリスチャン          285
真一              285
サイモン            284
ロッキー            283
面白い             283
**********************************************************




文書: 0928_meikeiyou_mix/sougou_N_sports.txt
             TF-IDF
体操             1929
アナウンサー         1808
柔道             1485
fifa           1363
競輪             1311
実況             1305
ボクシング          1303
騎手             1169
球団             1152
トーナメント          992
プロレス            978
格闘技             964
球場              954
出走              863
空手              836
バスケットボール        833
投手              826
武道              726
守備              678
コーチ             653
王座              649
馬券              643
調教              643
jbc             642
勝負              611
勝ち              567
勝敗              561
金メダル            529
競艇              528
バレーボール          527
ioc             525
将棋              522
マラソン            515
王者              515
武術              508
レスリング           500
騎乗              496
剣道              493
ジム              487
ロードレース          469
打者              469
mlb             443
フットボール          443
体育館             441
jra             429
反則              424
力士              423
アメリカンフットボール     413
uci             411
ヨーガ             410
nfl             403
パラリンピック         399
柔術              399
オートレース          392
水着              386
ユニフォーム          380
走者              379
準決勝             364
瞑想              363
タイヤ             363
連覇              353
スタンド            350
nba             345
球技              344
プレーヤー           344
引き分け            342
プレーオフ           338
グラウンド           334
ストーブ            325
サーキット           323
チェス             323
厩舎              322
馬主              320
ディフェンス          319
ドーピング           318
失格              316
gp              315
卓球              306
連勝              305
uefa            303
ソフトボール          303
打球              301
回戦              299
sports          298
本塁打             298
制覇              298
グライダー           296
アイスホッケー         295
スカウト            293
オールスター          287
投球              285
gi              281
モータースポーツ        279
流派              279
殿堂              279
大相撲             279
メダリスト           278
強豪              259
キャスター           257
中日              254
嘉納              253
シュート            252
馬術              249
セイコー            247
外野              245
開会              245
銀メダル            242
人工芝             242
銅メダル            239
ダーツ             239
司会              238
滑空              236
シューズ            235
風船              234
ダート             234
新体操             233
ショット            233
武徳              233
レクリエーション        233
超越              233
防具              232
負け              231
クリケット           228
牝馬              227
ランニング           227
内野              225
スクラム            224
スロー             222
アリーナ            220
師範              220
背番号             220
囲碁              220
ラケット            219
afc             218
fa              217
レフェリー           217
ハンドボール          216
アスリート           215
駅伝              215
ダンサー            211
ハーフ             211
採点              211
山小屋             207
ダブルス            206
牡馬              206
ncaa            206
講道館             205
場外              205
サーフィン           204
ホッケー            203
プロレスラー          203
ヨーヨー            203
車いす             201
パンツ             201
甲子園             200
ボクサー            199
fia             199
サラブレッド          198
ナイター            197
土俵              196
ドラフト            196
闘牛              194
ペナルティ           194
クライミング          193
勝率              193
キックボクシング        192
レスラー            192
敗退              191
スコア             188
バドミントン          186
イヌ              186
幼虫              185
乗馬              184
ジャイアンツ          184
行司              183
pdc             183
護身              183
筋力              182
バルセロナ           182
ベースボール          181
競泳              180
フォーミュラ          180
npb             179
国体              176
主審              175
ufc             175
ボウリング           174
一塁              173
横綱              172
読売              172
ブーツ             170
コミッショナー         170
トライアル           169
マスコット           169
mbs             168
招致              167
入団              167
シード             166
ツールドフランス        166
サポーター           166
コミッション          166
拳法              166
野手              165
シングルス           164
ダービー            164
弓道              163
チャンピオンシップ       162
走路              162
フライング           162
着地              161
運動会             161
捕手              161
対局              160
ヨガ              159
パチンコ            159
プロペラ            159
シニア             158
退場              158
退社              157
異動              157
ランナー            157
アトランタ           156
シャツ             155
スプリント           155
クロスカントリー        155
インストラクター        155
骨折              153
鍛錬              153
定年              153
敗者              153
レーサー            152
スノーボード          152
カーリング           151
イニング            151
sg              151
タックル            150
チャンピオンズ         150
同点              150
摂取              149
タイトルマッチ         149
開場              149
アメフト            148
後楽園             148
クォーター           148
ボウル             148
先輩              147
飼い主             147
オリエンテーリング       147
硬式              147
トリック            147
道明              147
日本体育大学          147
マネージャー          147
曳航              146
池上              146
闘士              146
抽選              146
マット             146
プロフェッショナル       145
短距離             145
野口              145
跳躍              145
gt              144
棄権              144
味方              144
エントリー           143
フォワード           143
パーソナリティ         143
wbc             142
keirin          141
カヌー             141
ラット             141
点数              140
先発              140
運動公園            139
賭博              139
vs              138
舞踊              138
ダイビング           138
剣術              138
場内              137
トレーナー           137
ゴルファー           137
ウェア             137
ファイト            136
リポーター           136
ホームスタジアム        136
コーチング           136
乱闘              135
ユニバーシアード        135
降格              135
ファウル            135
部員              135
フォーメーション        134
発走              134
mf              134
ウルグアイ           134
トレード            133
バウンド            133
ピリオド            132
レギュレーション        132
フェンス            132
ゴールキーパー         132
年俸              131
毎日放送            131
大山              130
格付け             129
カンファレンス         129
ファイナル           129
猪木              129
水球              128
ブレーキ            127
主将              127
キャプテン           127
オフェンス           126
バスケット           125
三塁              125
ヘッドコーチ          125
心拍              125
インディアン          125
血統              124
突き              124
宣告              124
先手              124
欠場              124
ウイング            123
bmx             123
祭典              122
打席              122
ハタヨーガ           122
成虫              122
本塁              122
スラム             121
魔球              121
そり              121
失点              121
アウトドア           121
ゴロ              121
セナ              120
演武              120
ワークス            120
トライ             120
ラバー             120
取組              120
ウサギ             119
ドリフト            119
エンド             119
銃剣              119
後輩              119
フェンシング          118
グリップ            118
bdo             118
戦力              117
心身              117
カラオケ            117
テコンドー           116
公道              114
国技              114
初戦              114
勝馬              114
東京ドーム           114
バーナー            114
super           114
エキシビション         114
バトン             113
軟式              113
疑惑              113
紅白              113
アシスト            113
ボディビル           112
iaaf            112
青少年             112
トランポリン          112
楽天              112
棋士              111
ドリブル            110
ブルマー            110
フィニッシュ          109
幕下              109
制裁              109
ドラゴンズ           109
一軍              109
ゴシックアンドロリータ     108
治五郎             108
山頂              108
安田              108
ムエタイ            108
可児              108
最高峰             108
親善              107
タンゴ             107
ガール             107
パンチ             107
馬匹              107
麻原              107
球審              107
関学              106
ディビジョン          106
ハードル            106
合気道             106
**********************************************************




文書: 0928_meikeiyou_mix/sougou_new_music.txt
                TF-IDF
音源                3519
録音                3215
鍵盤                2564
楽譜                2158
ギター               2151
ミュージック            2131
音色                2096
シンセサイザー           1766
ジャズ               1746
奏者                1598
オーディオ             1582
スピーカー             1577
カラオケ              1571
奏法                1542
旋律                1386
サウンド              1360
ミュージシャン           1325
和音                1237
オルガン              1216
国歌                1216
音程                1162
弦楽器               1135
編曲                1120
アンプ               1084
バレエ               1070
レーベル              1069
和声                1058
オーケストラ            1048
初演                1038
伴奏                1035
低音                1031
音域                1020
midi              1014
音質                 976
音符                 953
レコーダー              946
歌謡                 920
打楽器                895
music              891
カントリー              882
歌唱                 882
プレーヤー              864
ヴァイオリン             858
音階                 858
交響                 847
太鼓                 845
メロディ               827
ポップ                813
サンプリング             812
管弦楽                806
端子                 789
ソロ                 776
録画                 763
レコーディング            751
拍子                 750
音楽家                724
黒人                 691
ブルース               683
live               672
dj                 660
テンポ                648
楽章                 632
合唱                 626
合奏                 624
ビート                618
半音                 614
オクターブ              609
ボーカル               604
倍音                 594
bd                 586
即興                 582
新曲                 575
キーボード              568
うた                 565
波形                 550
ヒップ                550
調律                 550
管楽器                545
pcm                536
ホップ                529
ダウンロード             517
楽団                 508
ペダル                506
聖歌                 505
カセット               505
アコーディオン            499
ノイズ                499
tour               479
アレンジ               469
hd                 464
高音                 460
エレクトリック            454
全曲                 452
三味線                447
小節                 442
吹奏楽                440
disc               432
バロック               430
ミク                 430
組曲                 426
メタル                425
メロディー              425
モジュール              424
声楽                 424
bluray             411
ハードディスク            409
演歌                 401
フォーク               400
蛇腹                 399
vocaloid           399
チェンバロ              398
タンゴ                398
オクターヴ              390
器楽                 387
ローランド              387
初音                 387
長調                 380
windows            377
曲目                 372
usb                372
love               369
ビット                368
響き                 367
白人                 362
コーラス               362
ポップス               360
mp                 359
トーン                357
テクノ                356
舞踊                 356
サンバ                356
ミキシング              351
メモリ                347
プロデュース             346
フルート               344
オリコン               336
ビートルズ              335
hdd                334
協奏曲                333
歌曲                 332
アンサンブル             331
カートリッジ             330
前衛                 330
コンソール              329
浪曲                 329
hot                328
短調                 328
軍楽隊                328
ディスコ               327
独奏                 326
リール                326
クラリネット             325
歌劇                 324
帯域                 322
チェロ                321
ピックアップ             317
ホルン                317
符号                 316
雅楽                 313
フレット               313
聴衆                 312
lp                 310
シーケンサー             306
音律                 306
サウンドトラック           304
モーツァルト             303
テープレコーダー           302
チューナー              301
台本                 301
khz                300
ジャケット              299
邦楽                 298
振付                 298
胡弓                 297
gb                 295
プラグ                291
琵琶                 290
ハープ                287
アプリケーション           286
you                286
行進曲                282
リュート               281
位相                 280
エフェクター             280
金管楽器               280
変調                 280
歌声                 277
セールス               273
dtm                273
旋法                 272
弦楽                 272
ロックンロール            271
ドラマー               269
コンサーティーナ           267
レゲエ                266
トランジスタ             265
重奏                 263
トランペット             259
セッション              258
ボーイ                258
ダンサー               258
buzz               256
ファンク               255
records            254
ハンマー               254
パナソニック             252
発振                 252
ピアニスト              251
type               251
ベートーヴェン            249
小室                 249
シンバル               248
ライブラリ              245
ソナタ                244
レパートリー             243
ギタリスト              243
コントローラー            242
ハードウェア             242
バンドネオン             242
木管                 241
尺八                 240
best               240
daw                239
ボイス                237
エフェクト              235
チャイコフスキー           235
雑音                 235
ストラヴィンスキー          234
洋楽                 232
ビブラート              229
地歌                 228
ミックス               227
グラミー               227
全音                 226
フェスティバル            225
五線譜                225
オンドマルトノ            223
ロックバンド             223
採点                 223
iec                223
バッハ                222
ナッシュ               221
ch                 221
譜面                 220
コントラバス             219
os                 218
audio              218
素子                 217
ライヴ                216
画質                 215
hamasaki           214
アリア                214
アクセント              213
振幅                 212
唱歌                 211
テンション              210
シンガーソングライター        210
純正                 210
vhs                209
ゴスペル               208
型番                 207
カップリング             207
rca                206
アコースティック           206
トレモロ               206
片面                 206
ayumi              204
md                 204
hdmi               203
ポップミュージック          203
オーボエ               203
dx                 202
コンデンサ              202
サンプラー              202
sound              202
ピタゴラス              201
jasrac             201
テルミン               201
ロマ                 200
モノラル               199
カセットテープ            199
ジャマイカ              198
top                198
インピーダンス            197
dam                197
ハーモニカ              197
チューニング             197
リミックス              196
billboard          194
スコア                193
コルグ                193
メモリー               192
av                 192
ive                192
親指                 190
舞曲                 190
ムガム                189
ダビング               188
ヨーデル               187
エンディング             187
vol                187
授賞                 187
技巧                 185
my                 184
選曲                 184
コミック               183
ラヴェル               183
me                 181
sd                 180
motif              180
歪み                 180
ver                178
移調                 178
フィルタ               178
同音                 178
ミュージックビデオ          178
itunes             177
ローズ                177
流派                 176
首位                 176
el                 176
poem               176
トロンボーン             174
エレキ                173
パイプオルガン            172
賛美                 172
伝送                 170
ポータブル              169
モダン                168
パーソナルコンピュータ        167
囃子                 167
ピン                 167
all                167
ベルク                165
語法                 164
祭文                 164
mpeg               163
ワルツ                163
タッチ                162
司会                 161
リモコン               161
箏曲                 160
ケージ                159
uk                 159
磁性                 158
スネアドラム             158
序曲                 158
フェルマータ             158
ep                 157
score              157
室内楽                157
エレクトーン             157
アルゴリズム             157
ロール                157
五線                 156
セント                156
エクシング              155
書法                 155
カラオケボックス           154
song               154
mtv                154
説経                 154
ワーグナー              153
フラ                 153
ティンパニ              152
共演                 152
シンガー               152
ハーモニー              151
ユーザ                150
ドビュッシー             150
dvdvideo           150
マンドリン              150
実装                 149
ラジカセ               149
リスナー               149
ヴィオラ               148
ipod               148
世俗                 148
新作                 148
デジタルオーディオプレーヤー     147
増幅器                147
単音                 146
アリーナ               146
シャープ               146
パーカッション            145
マニア                145
高周波                144
ボーナス               144
ネウマ                144
舞踏                 143
浜崎                 142
曲名                 142
弾き語り               142
スペクトル              141
曲調                 141
伯爵                 141
対位法                141
古楽                 141
演目                 140
ハモンドオルガン           140
**********************************************************




文書: 0928_meikeiyou_mix/sougou_spot.txt
          TF-IDF
天守          1829
史跡          1505
創建          1180
本丸          1174
水族館         1164
宿場          1141
国分寺         1129
海水浴         1098
山頂          1065
天正          1055
山城          1012
本尊          1001
城下町          969
旅館           962
築城           954
園内           947
遺構           938
開園           902
御殿           801
城郭           762
伽藍           750
城主           718
移築           697
本堂           693
天然記念物        686
古墳           679
造営           677
陣屋           672
天神           650
国定           637
富士山          631
こうえん         621
丘陵           619
球場           618
本陣           613
天満宮          611
姫路           591
城跡           586
御所           574
運動公園         568
霊場           567
金堂           547
観音           545
国宝           542
二の丸          542
道真           535
名勝           526
福山           516
本館           507
真言宗          506
廃寺           497
市域           495
大字           488
ため池          485
山麓           483
参詣           469
台地           466
稲荷           463
曲輪           460
皇居           449
家臣           445
天平           443
菅原           439
山号           436
有形           436
館内           433
安置           428
川越           418
大社           417
遊歩道          416
別府           408
景勝           404
国分           402
居城           399
城下           392
緑地           388
三の丸          387
テナント         382
毛利           373
奥州           371
庁舎           367
参拝           366
浅間           361
難波           354
支流           351
ミュージアム       350
閉館           348
大山           347
和年           344
城内           343
志摩           341
神仏           339
社殿           339
尼寺           338
小笠原          338
開山           338
陸奥           337
尾道           336
菩薩           333
鎮守           332
中山道          328
鎮座           328
舞鶴           325
入園           325
国府           325
水系           323
本願寺          323
紅葉           322
門跡           320
町並み          320
札所           319
礎石           317
丹波           317
立山           316
平城           314
上杉           312
ジオパーク        311
本殿           309
現在地          308
閉園           306
細川           306
入館           306
テーマパーク       305
対岸           303
紀伊           303
大仏           302
寄進           301
天台宗          301
空海           300
播磨           294
土器           293
別当           292
保養           289
住職           287
町名           287
修験           287
高野山          286
軽井沢          285
本宮           284
浦和           284
琵琶湖          284
参道           284
砂浜           281
内裏           281
祭神           280
観覧           279
八王子          279
カルデラ         276
地蔵           276
美濃           275
歩道           274
県道           272
灯台           272
旅籠           271
東大寺          271
絵図           270
聖武天皇         266
弘前           264
姫路城          263
権現           262
寛文           262
尾根           259
仏像           258
中門           257
八戸           257
城山           257
三河           256
環境省          256
遊具           255
鳥居           254
松原           253
茶屋           253
越前           252
赤松           252
当主           251
干拓           250
溶岩           249
大津           248
上皇           246
飛騨           245
小笠原諸島        245
盆地           245
養蚕           245
江戸城          244
漁港           244
海浜           244
水質           241
厳島           240
八幡宮          240
散策           239
浴場           239
島津           238
高崎           237
並木           234
寺跡           234
寄宿舎          233
代官           232
府中           231
頂上           231
関ヶ原          231
寺領           230
山上           229
名城           229
末寺           229
山小屋          228
山荘           228
延喜           227
グラウンド        226
交通省          226
梅田           226
棚田           226
築造           226
黒部           225
温泉郷          225
市制           224
眺望           224
薬師寺          222
鉄筋コンクリート     222
古河           221
灌漑           221
スタンド         220
古道           220
積雪           220
橋梁           219
盛岡           219
高岡           219
アトラクション      219
大師           219
キリシタン        219
要衝           218
体育館          218
運航           217
開基           216
石碑           216
法隆寺          216
唐津           214
白馬           214
田原           213
南端           213
阿波           212
薬師如来         211
一望           211
入城           210
山名           210
赤坂           209
分譲           207
拝殿           207
門前           206
白神           206
大火           206
本店           205
居館           205
休館           204
土砂           204
断崖           204
津軽           203
湖畔           203
増築           203
西国           203
薬師           203
本山           202
中腹           201
北野           201
文化庁          200
峡谷           200
阿弥陀如来        199
福知山          199
比叡山          199
蓮池           199
大内           198
豊橋           198
弘法大師         198
梅林           197
紀州           197
西口           196
花見           196
出羽           195
勅願           195
植生           195
勧請           195
離宮           195
勝山           194
阿蘇           194
頼朝           193
花火           193
東端           193
北端           193
山陽           192
書院           192
白河           192
日帰り          191
湯治           191
山々           191
上人           191
鍾乳洞          191
露天風呂         191
滅亡           190
エレベーター       190
多目的          190
蝦夷           190
植樹           190
興福寺          189
水深           189
花崗岩          189
ブナ           188
行基           188
山陰           187
林道           187
風土記          187
銀山           186
原爆           186
箱根           185
賑わい          184
湧出           184
原生           183
大極殿          183
火口           183
右岸           182
土浦           182
神宮寺          182
藤沢           182
四季           182
高野           182
木曽川          182
城門           182
県境           181
東照宮          181
往還           180
一揆           180
山内           180
湿原           179
東口           179
芝生           179
名鉄           178
讃岐           178
基壇           178
下車           178
新館           177
親水           177
酒造           177
今川           177
伝馬           176
佐伯           176
開場           175
外郭           175
天満           175
木曽           175
降水           175
聖徳太子         175
ライトアップ       175
駿河           174
丸亀           174
断層           174
開港           174
名水           174
城址           173
国勢調査         173
連峰           173
群落           173
来場           173
小樽           173
水害           172
利根川          172
化石           172
新築           172
西端           171
往時           171
特産           170
西条           170
明神           170
坐像           170
インターチェンジ     170
高台           170
山門           170
産地           169
応年           169
廃仏毀釈         169
樹齢           169
寮生           168
越後           168
外堀           168
耐震           168
城代           167
鳥羽           167
安芸           167
段丘           167
平山           167
千住           167
造船           167
刈谷           167
倒壊           166
回遊           166
旅客           166
入母屋          166
豪族           166
甲州           165
春日           165
コンベンション      164
中津           164
高島           164
**********************************************************




文書: 0928_meikeiyou_mix/sougou_N_traffic.txt
             TF-IDF
ブレーキ            489
廃車              470
旅客              430
運航              367
クハ              331
競輪              325
台車              322
排気              311
冷房              302
フェリー            284
気筒              282
停留所             273
就航              264
甲板              255
運賃              254
宿場              252
インターチェンジ        251
モハ              238
全車              236
mt              236
シェンゲン           233
客車              202
etc             200
乗務              198
直通              195
幹線              195
ストローク           188
タイヤ             177
電化              177
レンタカー           174
エレベーター          168
ラクダ             165
ホイール            164
車線              162
サハ              161
貸切              158
標示              157
号車              155
公安              147
乗降              145
エスカレーター         144
サロ              143
関税              143
快速              143
歩道              139
燃費              139
出港              136
車庫              135
魚雷              134
ハイジャック          132
鳩ヶ谷             132
管制              132
ボーイング           127
本陣              126
クモハ             125
客室              125
乗合              123
造船              123
県道              122
交通省             120
転属              120
サスペンション         117
全線              116
旅客機             116
軌間              116
本船              114
巡洋艦             111
就役              109
中山道             108
ラウンドアバウト        106
哨戒              106
延伸              105
気動車             105
スクーター           104
新造              103
機長              102
西武              102
転出              102
充当              101
掃海              101
山手              100
ディーゼル            98
公道               96
gatt             94
進水               93
車載               92
パンタグラフ           92
前輪               92
トヨタ              91
民泊               91
バスターミナル          90
離陸               89
起工               89
ロードレース           88
装甲               88
船首               88
海運               88
馬力               87
客船               87
ノット              86
船団               85
プロペラ             85
mg               85
私鉄               84
関所               83
ガソリン             83
改札               83
駅舎               82
パスポート            82
uci              82
jct              81
ハイウェイ            81
撃沈               81
命中               81
橋梁               80
埠頭               80
直列               80
禁煙               80
タービン             79
帆船               79
制動               79
ターボ              79
給油               79
変速               79
西口               77
操舵               76
汽船               74
船尾               74
空冷               74
回送               73
武蔵野              73
バイパス             72
新車               72
クラッチ             72
福知山              72
商船               72
kw               72
青梅               71
行先               71
砲塔               70
踏切               70
シキ               69
主砲               69
閘門               69
線区               69
伝馬               69
京阪               67
転入               67
モデルチェンジ          67
乗り入れ             67
往還               67
マスト              66
出入口              66
車道               66
ディーゼルエンジン        66
ビスマルク            65
山陽               65
同線               65
タンカー             65
旅程               65
留置               65
支所               64
添乗               64
盛岡               64
電鉄               64
いすゞ              64
車掌               64
トルク              63
苫小牧              63
吸気               63
八戸               63
増発               62
名鉄               62
教習所              62
偶数               62
海図               62
通商               62
運輸省              62
低速               62
各駅               62
総武               62
ミサイル             62
人質               62
abs              62
貨車               61
セダン              61
ガソリンスタンド         60
ボスニアヘルツェゴビナ      60
支線               60
旋回               60
承継               59
巡航               59
六分儀              59
etr              59
供用               59
主翼               59
査証               58
吹田               58
原動機              58
駅長               58
船内               58
出入               58
ユーゴスラビア          58
キハ               58
wd               58
換装               58
フルモデルチェンジ        57
全廃               57
アーム              57
奇数               57
入国               56
除籍               56
ローター             56
捻出               56
青函               55
停車場              55
プラハ              55
厚木               55
歯車               55
速力               55
航法               55
バッグ              55
つう               55
旧道               54
nr               54
水先               54
シャフト             54
動態               54
本田技研工業           54
シリンダー            53
艦艇               53
漁船               53
運休               53
桟橋               53
ワンマン             53
dohc             53
車台               53
架線               52
一里塚              52
渡し               52
エアロ              52
rbr              52
ロータリー            52
hiia             52
旅籠               52
二輪車              51
川越               51
いわき              51
練馬               51
東口               51
開港               51
三菱ふそう            51
格安               51
号機               51
カワサキ             51
荷役               50
ワゴン              50
時速               50
軽自動車             50
マンハッタン           50
エアバス             49
オフロード            49
締約               49
キプロス             49
ロングシート           49
灯火               49
ボイラー             49
発進               49
左舷               49
池袋               48
パーキング            48
狭軌               48
航続               48
フリ               48
gp               48
プリンスオブウェールズ      48
国際線              47
油圧               47
コックピット           47
浦和               47
右舷               47
寄港               47
ごみ箱              47
直行               46
cb               46
ステッカー            46
車輌               46
東日本旅客鉄道          46
番線               46
駅名               46
岸壁               46
始発               46
水深               46
アドレス             45
oem              45
緩行               45
乗り場              45
三条               45
通風               45
ピストン             45
電装               45
宿駅               45
ライナー             45
浮標               45
ペナン              45
充電               45
置換え              45
降車               45
水冷               45
越後               44
パレット             44
機内               44
都道               44
入線               44
埼京線              44
車輛               44
高架               44
cvt              44
物流               44
ワンステップ           44
香辛料              44
南口               43
ハンプ              43
親方               43
床下               43
連装               43
吹上               43
クレーン             43
艦長               43
操車               43
業法               43
汽車               43
brbr             42
史跡               42
入港               42
砲撃               42
ドレッドノート          42
パーチー             42
索道               42
ノンストップ           41
江南               41
回生               41
舷側               41
尾翼               41
ハッチ              41
造営               41
クルーザー            41
追分               41
uss              40
国府津              40
ばね               40
噴射               40
he               40
対馬               40
始動               40
標準軌              40
旅券               40
艦船               40
海里               40
高崎               40
矢印               40
小田急              40
川崎重工業            40
係留               40
カローラ             39
偵察               39
奥州               39
乗り換え             39
グリル              39
義経               39
公団               39
三鷹               39
号線               39
猪瀬               39
給付               39
浸水               39
au               39
ff               39
営団               39
メーター             39
rwd              38
封鎖               38
短距離              38
直進               38
tc               38
出航               38
cfr              38
東武               38
停車駅              38
キャブレター           38
マフラー             38
レコーダー            38
サーモピレー           38
シェアリング           38
京王               38
比羅夫丸             37
ステアリング           37
一宮               37
成田空港             37
tgv              37
**********************************************************




