文書: 0928_keiyou/sougou_giken.txt
        TF-IDF
こわし        257
貧しい        208
なき         195
ひどい        131
親しく        119
ひどく        113
親しい        105
おかしい       105
冷たい        103
悪かっ         99
よかっ         91
疑わしい        90
明るく         84
良かっ         80
恐ろしい        80
あさま         78
甘い          76
苦しい         74
若く          73
よし          63
やむを得ない      62
激し          60
すい          60
汚い          60
おかしく        55
若き          54
辛い          54
暗く          53
酷く          51
熱い          51
深かっ         51
怖い          51
酷い          49
固く          49
怪しい         47
親しかっ        47
幼く          47
危ない         47
根強い         47
難しかっ        46
欲し          46
暖かい         46
芳しく         45
根強く         44
危うく         43
激しかっ        42
優しい         41
近かっ         41
厳し          40
小さかっ        38
少な          38
長き          37
注意深く        37
白く          35
思しき         34
鋭い          34
黄色い         33
美しく         33
赤く          33
黒く          33
快く          32
つらい         31
好ましく        31
いとし         31
ふさわしく       31
面白          30
臭い          30
まずい         30
固い          29
相応しい        29
名高い         29
鋭く          29
薄かっ         29
うとう         29
楽しい         29
難し          28
やすかっ        28
冷たく         28
難く          28
苦しく         27
乏しかっ        27
悲しい         27
無けれ         27
なが          26
望ましく        26
面白い         26
疑わしき        26
極まりない       26
等しく         26
温かい         26
くさい         26
ほど近い        26
正しかっ        25
痛い          25
弱かっ         25
凄まじい        25
良し          25
ええ          25
おも          25
許可なく        25
寒い          25
そぐわない       24
貧しく         24
相容れない       24
良き          24
早かっ         24
小さ          23
甘く          23
づらく         23
遅かっ         23
がたく         23
にくかっ        23
怖く          22
明る          22
暖かく         22
おとなしく       22
険しい         22
恥ずかしい       21
あつ          21
黒っぽい        21
緩い          21
きつい         20
近しい         20
生々しい        20
おいしい        20
数多い         20
厳しかっ        20
可愛          20
おおく         19
鈍い          19
硬く          19
長かっ         19
短かっ         19
すごい         18
醜い          18
痛ましい        18
易く          18
恐ろし         18
甚だしく        18
しげ          18
うまい         17
くろ          17
優しく         17
しつこく        17
おし          17
輝かしい        17
ほし          17
なかれ         17
寂しい         17
緩く          17
すばやく        17
悪しき         16
おお          16
おびただしい      16
手厚く         16
素早い         16
幼かっ         16
熱く          16
やさしい        16
奥深く         16
丸く          16
欲しかっ        16
うき          16
相応しく        16
堅い          16
早けれ         15
粗い          15
ままならない      15
っぽい         15
おもい         15
厚かっ         15
ほしかっ        15
空しく         15
尊い          15
ひろ          15
貧し          15
色濃く         15
にく          15
怖かっ         15
粘り強く        15
忌まわしい       14
悲し          14
凄まじく        14
暑い          14
つまらない        0
すごく          0
ひろく          0
親し           0
ほしく          0
すさまじい        0
ほそ           0
血なまぐさい       0
訝し           0
ぼろし          0
ぽう           0
しろい          0
虚しく          0
まる           0
むさし          0
すばらしい        0
逞しい          0
つよく          0
はやく          0
たくましく        0
たのしい         0
賢い           0
ちかい          0
にが           0
っぽ           0
賢く           0
しぶ           0
とてつもない       0
でっかい         0
辛く           0
っぽく          0
温かく          0
くき           0
しがない         0
おぞ           0
面白かっ         0
おおい          0
えらい          0
えら           0
面白く          0
うれしい         0
うるさい         0
うま           0
騒がしい         0
うつくしい        0
うすい          0
うす           0
うい           0
いやらしい        0
高き           0
あらい          0
あぶない         0
高けれ          0
あっけなく        0
黄色く          0
あさ           0
あかい          0
あおい          0
青く           0
おぞましい        0
さむ           0
おとなしい        0
醜く           0
こよなく         0
こき           0
こい           0
くろし          0
くろい          0
くち           0
くだらない        0
くし           0
重苦しい         0
めざまし         0
くい           0
きわどい         0
きつく          0
がた           0
かわいい         0
かる           0
かいし          0
かい           0
おもろ          0
おもしろい        0
おもしろ         0
鈍く           0
むなしく         0
何気なく         0
めでたく         0
やさしく         0
愛しき          0
愛し           0
悲しく          0
悲しき          0
程遠い          0
悪し           0
悔し           0
恥ずかしく        0
等しかっ         0
恐ろしく         0
篤く           0
恋し           0
思いがけない       0
紅い           0
紛らわしい        0
忙しく          0
忙しい          0
忙し           0
心地よい         0
素晴らし         0
素晴らしき        0
平たく          0
平たい          0
少なかれ         0
素晴らしく        0
慌ただしく        0
慎ましく         0
懐かし          0
欲しく          0
温か           0
深き           0
無き           0
淡い           0
無し           0
永い           0
気難しい         0
気まずい         0
残り少ない        0
狭かっ          0
正し           0
珍しかっ         0
懐かしい         0
楽しく          0
楽しかっ         0
楽し           0
生々しく         0
甲高い          0
柔らかく         0
疎ましく         0
疑わしく         0
白っぽい         0
暑く           0
新しき          0
小高い          0
小さき          0
細く           0
人間らしい        0
切ない          0
分厚く          0
分厚い          0
苦し           0
凄い           0
荒々しい         0
荒い           0
荒く           0
優し           0
濃く           0
何気ない         0
華々しい         0
力強い          0
久しく          0
丸い           0
上手い          0
ボロ           0
コワ           0
華々しく         0
よき           0
蒼き           0
薄暗い          0
やまし          0
虚し           0
力強           0
力強く          0
細長く          0
多かれ          0
寒く           0
寂しく          0
寂し           0
嬉しかっ         0
嬉しい          0
嬉し           0
妖しい          0
太く           0
大人しく         0
大きけれ         0
多き           0
美しき          0
危うい          0
良けれ          0
四角い          0
善き           0
哀しい          0
名高く          0
可愛らしい        0
可愛い          0
古き           0
芳しい          0
苦々しく         0
苦い           0
あえなく         0
**********************************************************




文書: 0928_keiyou/sougou_animal.txt
        TF-IDF
細長く        141
太く         112
細く         105
鋭い          86
黒く          80
白く          78
丸い          66
丸く          65
赤く          62
柔らかく        56
黄色い         51
硬く          50
えら          49
鋭く          42
淡い          39
暖かい         31
平たい         30
固く          29
固い          27
平たく         25
ひどい         25
臭い          25
荒く          23
鈍い          23
冷たい         23
ひどく         22
寒い          22
数多い         21
荒い          21
美しく         20
にく          19
恐ろしい        19
黒っぽい        19
づらく         19
粗い          18
甘い          17
鈍く          17
白っぽい        17
暗く          17
注意深く        16
濃く          16
堅い          16
暑い          16
っぽい         16
望ましく        15
すい          15
黄色く         15
すばやく        15
分厚く         15
易く          15
素早い         14
やすかっ         0
ボロ           0
何気ない         0
ぼろし          0
ぽう           0
まずい          0
人間らしい        0
乏しかっ         0
いとし          0
ままならない       0
久しく          0
まる           0
いやらしい        0
うい           0
上手い          0
むさし          0
やさしく         0
むなしく         0
めざまし         0
コワ           0
めでたく         0
うき           0
よし           0
やさしい         0
何気なく         0
うす           0
よき           0
よかっ          0
やむを得ない       0
やまし          0
おおい          0
優しい          0
優し           0
あさ           0
名高い          0
名高く          0
哀しい          0
善き           0
あつ           0
四角い          0
あっけなく        0
あさま          0
あかい          0
優しく          0
多かれ          0
多き           0
大きけれ         0
大人しく         0
あおい          0
奥深く          0
好ましく         0
妖しい          0
可愛らしい        0
可愛い          0
可愛           0
古き           0
あらい          0
冷たく          0
凄い           0
凄まじい         0
凄まじく         0
分厚い          0
切ない          0
力強           0
力強い          0
力強く          0
あぶない         0
危うい          0
危うく          0
危ない          0
厚かっ          0
厳し           0
厳しかっ         0
ほど近い         0
ほし           0
うすい          0
おいしい         0
きつい          0
きつく          0
きわどい         0
くい           0
くき           0
くさい          0
くし           0
くだらない        0
くち           0
くろ           0
くろい          0
くろし          0
こい           0
こき           0
えらい          0
ええ           0
こよなく         0
がたく          0
おお           0
ほそ           0
がた           0
おかしい         0
おかしく         0
おし           0
おぞ           0
おぞましい        0
おとなしい        0
おとなしく        0
おびただしい       0
おも           0
おもい          0
おもしろ         0
おもしろい        0
おもろ          0
かい           0
かいし          0
かる           0
かわいい         0
こわし          0
さむ           0
うれしい         0
うるさい         0
嬉しい          0
でっかい         0
とてつもない       0
なかれ          0
なが           0
なき           0
にが           0
うとう          0
にくかっ         0
はやく          0
うつくしい        0
ひろ           0
ひろく          0
ふさわしく        0
おおく          0
ほしかっ         0
ほしく          0
つらい          0
つよく          0
つまらない        0
すさまじい        0
しがない         0
しげ           0
しつこく         0
しぶ           0
しろい          0
すごい          0
すごく          0
すばらしい        0
っぽく          0
うまい          0
そぐわない        0
たくましく        0
たのしい         0
ちかい          0
うま           0
っぽ           0
嬉し           0
弱かっ          0
嬉しかっ         0
芳しく          0
緩く           0
美しき          0
良かっ          0
良き           0
良けれ          0
良し           0
色濃く          0
芳しい          0
若き           0
素晴らしく        0
若く           0
苦々しく         0
苦い           0
苦し           0
苦しい          0
苦しく          0
荒々しい         0
華々しい         0
緩い           0
素晴らしき        0
蒼き           0
相応しく         0
疎ましく         0
疑わしい         0
疑わしき         0
疑わしく         0
痛い           0
痛ましい         0
相容れない        0
相応しい         0
短かっ          0
素晴らし         0
程遠い          0
空しく          0
等しかっ         0
等しく          0
篤く           0
粘り強く         0
紅い           0
紛らわしい        0
華々しく         0
薄かっ          0
寂し           0
難し           0
酷く           0
醜い           0
醜く           0
重苦しい         0
長かっ          0
長き           0
険しい          0
難く           0
難しかっ         0
遅かっ          0
青く           0
面白           0
面白い          0
面白かっ         0
面白く          0
騒がしい         0
高き           0
高けれ          0
酷い           0
逞しい          0
薄暗い          0
許可なく         0
虚し           0
虚しく          0
血なまぐさい       0
親し           0
親しい          0
親しかっ         0
親しく          0
訝し           0
貧し           0
近しい          0
貧しい          0
貧しく          0
賢い           0
賢く           0
輝かしい         0
辛い           0
辛く           0
近かっ          0
甲高い          0
生々しく         0
生々しい         0
悪かっ          0
思しき          0
怪しい          0
恋し           0
恐ろし          0
恐ろしく         0
恥ずかしい        0
恥ずかしく        0
悔し           0
悪し           0
怖く           0
悪しき          0
悲し           0
悲しい          0
悲しき          0
悲しく          0
愛し           0
愛しき          0
慌ただしく        0
思いがけない       0
怖かっ          0
甚だしく         0
少な           0
寂しい          0
寂しく          0
寒く           0
尊い           0
小さ           0
小さかっ         0
小さき          0
小高い          0
少なかれ         0
怖い           0
幼かっ          0
幼く           0
心地よい         0
忌まわしい        0
忙し           0
忙しい          0
忙しく          0
快く           0
慎ましく         0
懐かし          0
懐かしい         0
激し           0
気難しい         0
永い           0
汚い           0
深かっ          0
深き           0
温か           0
温かい          0
温かく          0
激しかっ         0
手厚く          0
無き           0
無けれ          0
無し           0
熱い           0
熱く           0
狭かっ          0
珍しかっ         0
甘く           0
気まずい         0
残り少ない        0
正しかっ         0
正し           0
新しき          0
早かっ          0
早けれ          0
明る           0
明るく          0
暑く           0
暖かく          0
根強い          0
根強く          0
極まりない        0
楽し           0
楽しい          0
楽しかっ         0
楽しく          0
欲し           0
欲しかっ         0
欲しく          0
あえなく         0
**********************************************************




文書: 0928_keiyou/sougou_medical.txt
        TF-IDF
貧しい         69
なき          61
甘い          55
うい          52
等しく         45
疑わしい        43
好ましく        43
ひどい         40
やむを得ない      38
くさい         36
望ましく        35
痛い          35
白く          35
赤く          34
くい          32
柔らかく        30
熱い          29
細く          28
優しい         26
冷たい         26
若き          25
ひどく         25
黄色い         25
鋭い          24
辛い          24
おかしい        24
難しかっ        24
難し          24
温かい         23
恐ろしい        23
明るく         22
かいし         22
太く          22
根強い         21
黒く          20
くき          20
硬く          20
易く          20
酷い          19
少な          19
親しい         19
善き          19
固く          18
紛らわしい       18
親しく         18
すい          17
甘く          17
暗く          17
苦い          16
あつ          16
優し          16
にく          16
注意深く        16
丸い          15
寒い          15
暑い          15
すごい         15
黄色く         15
若く          15
鋭く          15
よかっ         14
しろい         14
苦しい         14
高けれ         14
濃く          14
無けれ         14
おかしく        13
臭い          13
ふさわしく        0
ほし           0
ほしかっ         0
ほしく          0
ほそ           0
ほど近い         0
ぼろし          0
ぽう           0
めざまし         0
めでたく         0
まずい          0
堅い           0
むなしく         0
むさし          0
ままならない       0
まる           0
多かれ          0
大人しく         0
多き           0
大きけれ         0
名高く          0
ボロ           0
やさしい         0
やさしく         0
分厚い          0
分厚く          0
切ない          0
力強           0
力強い          0
力強く          0
危うい          0
危うく          0
危ない          0
厚かっ          0
哀しい          0
厳し           0
厳しかっ         0
古き           0
可愛           0
可愛い          0
可愛らしい        0
凄まじく         0
凄まじい         0
凄い           0
丸く           0
やすかっ         0
やまし          0
よき           0
よし           0
コワ           0
名高い          0
上手い          0
久しく          0
冷たく          0
固い           0
乏しかっ         0
人間らしい        0
ひろく          0
何気なく         0
四角い          0
優しく          0
何気ない         0
黒っぽい         0
ひろ           0
えら           0
おいしい         0
おお           0
おおい          0
おおく          0
おし           0
おぞ           0
おぞましい        0
おとなしい        0
おとなしく        0
おびただしい       0
おも           0
おもい          0
おもしろ         0
おもしろい        0
おもろ          0
かい           0
かる           0
えらい          0
ええ           0
はやく          0
うれしい         0
あおい          0
あかい          0
あさ           0
あさま          0
あっけなく        0
あぶない         0
あらい          0
いとし          0
いやらしい        0
うき           0
うす           0
うすい          0
うつくしい        0
うとう          0
うま           0
うまい          0
うるさい         0
かわいい         0
がた           0
がたく          0
きつい          0
すばらしい        0
そぐわない        0
たくましく        0
たのしい         0
ちかい          0
っぽ           0
っぽく          0
つまらない        0
つよく          0
つらい          0
づらく          0
でっかい         0
とてつもない       0
なかれ          0
なが           0
にが           0
にくかっ         0
すばやく         0
すさまじい        0
すごく          0
くろし          0
きつく          0
きわどい         0
くし           0
くだらない        0
くち           0
くろ           0
くろい          0
こい           0
しぶ           0
こき           0
こよなく         0
こわし          0
さむ           0
しがない         0
しげ           0
しつこく         0
っぽい          0
弱かっ          0
奥深く          0
良かっ          0
素晴らし         0
素晴らしき        0
素晴らしく        0
細長く          0
緩い           0
緩く           0
美しき          0
美しく          0
良き           0
狭かっ          0
良けれ          0
良し           0
色濃く          0
芳しい          0
芳しく          0
苦々しく         0
苦し           0
苦しく          0
素早い          0
紅い           0
粘り強く         0
粗い           0
甚だしく         0
生々しい         0
生々しく         0
甲高い          0
疎ましく         0
疑わしき         0
疑わしく         0
痛ましい         0
白っぽい         0
相容れない        0
相応しい         0
相応しく         0
短かっ          0
程遠い          0
空しく          0
等しかっ         0
篤く           0
荒々しい         0
荒い           0
荒く           0
逞しい          0
酷く           0
醜い           0
醜く           0
重苦しい         0
鈍い           0
鈍く           0
長かっ          0
長き           0
険しい          0
難く           0
青く           0
面白           0
面白い          0
面白かっ         0
面白く          0
騒がしい         0
高き           0
遅かっ          0
近しい          0
華々しい         0
近かっ          0
華々しく         0
蒼き           0
薄かっ          0
薄暗い          0
虚し           0
虚しく          0
血なまぐさい       0
親し           0
親しかっ         0
訝し           0
許可なく         0
貧し           0
貧しく          0
賢い           0
賢く           0
輝かしい         0
辛く           0
珍しかっ         0
熱く           0
妖しい          0
恋し           0
忙しく          0
快く           0
怖い           0
怖かっ          0
怖く           0
思いがけない       0
思しき          0
怪しい          0
恐ろし          0
無し           0
恐ろしく         0
恥ずかしい        0
恥ずかしく        0
悔し           0
悪かっ          0
悪し           0
悪しき          0
悲し           0
忙しい          0
忙し           0
忌まわしい        0
心地よい         0
嬉し           0
嬉しい          0
嬉しかっ         0
寂し           0
寂しい          0
寂しく          0
寒く           0
尊い           0
小さ           0
小さかっ         0
小さき          0
小高い          0
少なかれ         0
平たい          0
平たく          0
幼かっ          0
幼く           0
悲しい          0
悲しき          0
悲しく          0
楽しく          0
欲しかっ         0
欲しく          0
正し           0
正しかっ         0
残り少ない        0
気まずい         0
気難しい         0
永い           0
汚い           0
淡い           0
深かっ          0
深き           0
温か           0
温かく          0
激し           0
激しかっ         0
無き           0
欲し           0
楽しかっ         0
愛し           0
楽しい          0
愛しき          0
慌ただしく        0
慎ましく         0
懐かし          0
懐かしい         0
手厚く          0
数多い          0
新しき          0
早かっ          0
早けれ          0
明る           0
暑く           0
暖かい          0
暖かく          0
根強く          0
極まりない        0
楽し           0
あえなく         0
**********************************************************




文書: 0928_keiyou/sougou_history.txt
        TF-IDF
貧しい        177
なき         120
若き         108
長き          95
ひどく         93
等しく         74
疑わしい        73
難しかっ        70
名高い         69
根強く         67
恐ろしい        63
丸い          61
色濃く         60
近かっ         59
良き          58
良かっ         58
親しく         57
激し          55
根強い         54
悪かっ         52
ひどい         52
危うく         48
相応しい        45
明るく         45
正し          44
少な          44
小さかっ        44
やすかっ        44
美しく         43
快く          43
固く          43
鋭い          42
数多い         41
若く          41
深かっ         41
おも          40
濃く          39
冷たい         39
乏しかっ        38
輝かしい        38
激しかっ        37
っぽ          36
苦しい         35
うき          35
寒い          35
遅かっ         35
短かっ         35
相容れない       35
酷く          34
暗く          34
暖かい         34
険しい         33
注意深く        33
古き          33
難く          33
鋭く          32
難し          31
黒く          31
緩い          31
弱かっ         30
白く          30
ふさわしく       30
親しい         30
好ましく        30
良し          30
おびただしい      29
貧しく         29
すい          28
力強い         28
赤く          28
小高い         27
うい          27
近しい         27
面白い         27
酷い          27
暖かく         27
小さ          26
よかっ         26
にが          26
暑く          26
ぽう          26
黄色い         25
等しかっ        25
苦い          24
おかしい        24
汚い          24
堅い          24
固い          24
暑い          24
熱い          24
そぐわない       23
早かっ         23
欲し          23
手厚く         23
無き          23
四角い         23
芳しく         23
ほど近い        22
親しかっ        22
すばらしい       22
丸く          22
甘い          22
寒く          22
すさまじい       21
幼く          21
血なまぐさい      21
厳し          21
くさい         20
ひろく         20
明る          20
がたく         20
忙しく         20
程遠い         20
危うい         20
長かっ         19
すばやく        19
思しき         19
薄かっ         19
美しき         19
華々しい        19
優しい         18
悪しき         18
よき          18
忌まわしい       18
平たい         18
おかしく        18
緩く          18
粘り強く        17
よし          17
素早い         17
荒い          17
つらい         17
久しく         17
面白          17
熱く          16
温かい         16
厳しかっ        16
あっけなく       16
奥深く         16
苦しく         16
疑わしく        16
少なかれ        16
分厚い         16
多かれ         16
賢い          16
辛い          16
むなしく        16
無し          15
ままならない       0
むさし          0
めざまし         0
めでたく         0
まる           0
おお           0
まずい          0
おもしろい        0
おもろ          0
ぼろし          0
かい           0
あつ           0
かいし          0
かる           0
ほそ           0
うつくしい        0
あさ           0
やさしい         0
やさしく         0
優し           0
何気なく         0
何気ない         0
人間らしい        0
うま           0
うすい          0
おぞ           0
あおい          0
おぞましい        0
上手い          0
おとなしい        0
うまい          0
ボロ           0
コワ           0
あかい          0
おとなしく        0
うす           0
やむを得ない       0
おもい          0
うるさい         0
おもしろ         0
やまし          0
あさま          0
かわいい         0
ほし           0
ほしく          0
おおく          0
たのしい         0
くだらない        0
たくましく        0
くち           0
えらい          0
くろ           0
おいしい         0
おおい          0
くろい          0
うとう          0
いとし          0
くろし          0
すごく          0
すごい          0
こい           0
しろい          0
優しく          0
しぶ           0
しつこく         0
いやらしい        0
しげ           0
しがない         0
さむ           0
こわし          0
こよなく         0
おし           0
くし           0
ちかい          0
きわどい         0
ほしかっ         0
こき           0
がた           0
きつい          0
ひろ           0
きつく          0
あぶない         0
はやく          0
にくかっ         0
うれしい         0
にく           0
ええ           0
くき           0
なが           0
えら           0
なかれ          0
くい           0
とてつもない       0
でっかい         0
づらく          0
つよく          0
つまらない        0
っぽく          0
っぽい          0
あらい          0
黒っぽい         0
冷たく          0
甲高い          0
素晴らしき        0
素晴らし         0
紛らわしい        0
紅い           0
粗い           0
篤く           0
空しく          0
硬く           0
相応しく         0
白っぽい         0
痛ましい         0
痛い           0
疑わしき         0
疎ましく         0
生々しく         0
細く           0
生々しい         0
甚だしく         0
甘く           0
珍しかっ         0
狭かっ          0
無けれ          0
温かく          0
温か           0
深き           0
淡い           0
永い           0
気難しい         0
気まずい         0
残り少ない        0
素晴らしく        0
細長く          0
凄い           0
賢く           0
黄色く          0
高けれ          0
高き           0
騒がしい         0
面白く          0
面白かっ         0
青く           0
鈍く           0
鈍い           0
重苦しい         0
醜く           0
醜い           0
逞しい          0
辛く           0
貧し           0
臭い           0
許可なく         0
訝し           0
親し           0
虚しく          0
虚し           0
薄暗い          0
蒼き           0
華々しく         0
荒く           0
荒々しい         0
苦し           0
苦々しく         0
芳しい          0
良けれ          0
正しかっ         0
欲しく          0
欲しかっ         0
大きけれ         0
心地よい         0
幼かっ          0
平たく          0
小さき          0
尊い           0
寂しく          0
寂しい          0
寂し           0
嬉しかっ         0
嬉しい          0
嬉し           0
妖しい          0
太く           0
大人しく         0
多き           0
楽しく          0
善き           0
哀しい          0
名高く          0
可愛らしい        0
可愛い          0
可愛           0
厚かっ          0
危ない          0
力強く          0
力強           0
切ない          0
分厚く          0
凄まじく         0
凄まじい         0
忙し           0
忙しい          0
怖い           0
怖かっ          0
楽しかっ         0
楽しい          0
楽し           0
極まりない        0
柔らかく         0
望ましく         0
易く           0
早けれ          0
新しき          0
懐かしい         0
懐かし          0
慎ましく         0
慌ただしく        0
愛しき          0
愛し           0
悲しく          0
悲しき          0
悲しい          0
悲し           0
悪し           0
悔し           0
恥ずかしく        0
恥ずかしい        0
恐ろしく         0
恐ろし          0
恋し           0
怪しい          0
思いがけない       0
怖く           0
あえなく         0
**********************************************************




文書: 0928_keiyou/sougou_engineer.txt
        TF-IDF
等しく         69
硬く          35
細く          31
好ましく        31
太く          29
すい          27
難し          27
粗い          25
注意深く        25
難しかっ        24
柔らかく        22
正し          21
望ましく        21
大きけれ        20
あつ          19
易く          18
久しく          0
ボロ           0
よかっ          0
よき           0
優しく          0
よし           0
コワ           0
上手い          0
優しい          0
乏しかっ         0
優し           0
何気なく         0
丸く           0
何気ない         0
人間らしい        0
丸い           0
黒っぽい         0
やむを得ない       0
ぽう           0
ひろく          0
ふさわしく        0
ほし           0
ほしかっ         0
ほしく          0
ほそ           0
ほど近い         0
ぼろし          0
まずい          0
やまし          0
ままならない       0
まる           0
むさし          0
むなしく         0
めざまし         0
めでたく         0
やさしく         0
やすかっ         0
やさしい         0
凄まじい         0
冷たい          0
嬉しい          0
固い           0
固く           0
堅い           0
多かれ          0
多き           0
大人しく         0
奥深く          0
妖しい          0
嬉し           0
嬉しかっ         0
善き           0
寂し           0
寂しい          0
寂しく          0
寒い           0
寒く           0
尊い           0
小さ           0
小さかっ         0
小さき          0
四角い          0
哀しい          0
冷たく          0
危うい          0
凄い           0
ひどく          0
凄まじく         0
分厚い          0
分厚く          0
切ない          0
力強           0
力強い          0
力強く          0
危うく          0
名高く          0
危ない          0
厚かっ          0
厳し           0
厳しかっ         0
古き           0
可愛           0
可愛い          0
可愛らしい        0
名高い          0
ひろ           0
にが           0
ひどい          0
おびただしい       0
おおい          0
おおく          0
おかしい         0
おかしく         0
おし           0
おぞ           0
おぞましい        0
おとなしい        0
おとなしく        0
おも           0
おいしい         0
おもい          0
おもしろ         0
おもしろい        0
おもろ          0
かい           0
かいし          0
かる           0
かわいい         0
がた           0
おお           0
えらい          0
はやく          0
うい           0
あおい          0
あかい          0
あさ           0
あさま          0
あっけなく        0
あぶない         0
あらい          0
いとし          0
いやらしい        0
うき           0
えら           0
うす           0
うすい          0
うつくしい        0
うとう          0
うま           0
うまい          0
うるさい         0
うれしい         0
ええ           0
がたく          0
きつい          0
きつく          0
つよく          0
すばらしい        0
そぐわない        0
たくましく        0
たのしい         0
ちかい          0
っぽ           0
っぽい          0
っぽく          0
つまらない        0
つらい          0
きわどい         0
づらく          0
でっかい         0
とてつもない       0
なかれ          0
なが           0
なき           0
少な           0
にく           0
にくかっ         0
すばやく         0
すさまじい        0
すごく          0
すごい          0
くい           0
くき           0
くさい          0
くし           0
くだらない        0
くち           0
くろ           0
くろい          0
くろし          0
こい           0
こき           0
こよなく         0
こわし          0
さむ           0
しがない         0
しげ           0
しつこく         0
しぶ           0
しろい          0
小高い          0
弱かっ          0
少なかれ         0
苦い           0
良き           0
良けれ          0
良し           0
色濃く          0
芳しい          0
芳しく          0
若き           0
若く           0
苦々しく         0
苦し           0
痛ましい         0
苦しい          0
苦しく          0
荒々しい         0
荒い           0
荒く           0
華々しい         0
華々しく         0
蒼き           0
薄かっ          0
良かっ          0
臭い           0
美しく          0
美しき          0
白っぽい         0
相容れない        0
相応しい         0
相応しく         0
短かっ          0
程遠い          0
空しく          0
等しかっ         0
篤く           0
粘り強く         0
紅い           0
紛らわしい        0
素早い          0
素晴らし         0
素晴らしき        0
素晴らしく        0
細長く          0
緩い           0
緩く           0
薄暗い          0
虚し           0
虚しく          0
醜い           0
重苦しい         0
鈍い           0
鈍く           0
鋭い           0
鋭く           0
長かっ          0
長き           0
険しい          0
難く           0
青く           0
面白           0
面白い          0
面白かっ         0
面白く          0
騒がしい         0
高き           0
高けれ          0
黄色い          0
黄色く          0
醜く           0
酷く           0
血なまぐさい       0
酷い           0
親し           0
親しい          0
親しかっ         0
親しく          0
訝し           0
許可なく         0
貧し           0
貧しい          0
貧しく          0
賢い           0
賢く           0
赤く           0
輝かしい         0
辛い           0
辛く           0
近かっ          0
近しい          0
逞しい          0
遅かっ          0
白く           0
痛い           0
平たい          0
慌ただしく        0
悪かっ          0
悪し           0
悪しき          0
悲し           0
悲しい          0
悲しき          0
悲しく          0
愛し           0
愛しき          0
慎ましく         0
疑わしく         0
懐かし          0
懐かしい         0
手厚く          0
数多い          0
新しき          0
早かっ          0
早けれ          0
明る           0
明るく          0
悔し           0
恥ずかしく        0
恥ずかしい        0
恐ろしく         0
平たく          0
幼かっ          0
幼く           0
黒く           0
心地よい         0
忌まわしい        0
忙し           0
忙しい          0
忙しく          0
快く           0
怖い           0
怖かっ          0
怖く           0
思いがけない       0
思しき          0
怪しい          0
恋し           0
恐ろし          0
恐ろしい         0
暑い           0
暑く           0
暖かい          0
温かい          0
激し           0
激しかっ         0
濃く           0
無き           0
無けれ          0
無し           0
熱い           0
熱く           0
狭かっ          0
珍しかっ         0
甘い           0
甘く           0
甚だしく         0
生々しい         0
生々しく         0
甲高い          0
疎ましく         0
疑わしい         0
疑わしき         0
温かく          0
温か           0
暖かく          0
深き           0
暗く           0
根強い          0
根強く          0
極まりない        0
楽し           0
楽しい          0
楽しかっ         0
楽しく          0
欲し           0
欲しかっ         0
欲しく          0
正しかっ         0
残り少ない        0
気まずい         0
気難しい         0
永い           0
汚い           0
淡い           0
深かっ          0
あえなく         0
**********************************************************




文書: 0928_keiyou/sougou_movie.txt
        TF-IDF
なき         634
若き         380
つらい        347
面白い        283
親しく        258
貧しい        252
優しい        229
楽しい        228
こい         226
恐ろしい       224
美しく        183
若く         180
明るく        180
熱い         161
面白         154
優しく        153
良かっ        148
面白く        138
酷い         122
黄色い        122
怪しい        115
冷たく        115
親しい        114
快く         113
冷たい        113
醜い         108
楽し         105
辛い         104
おかしい       103
悲しい        101
暗く         100
優し          98
おかしく        98
怖い          98
甘い          98
楽しく         97
すごい         97
よかっ         94
ひどい         92
美しき         92
ひどく         88
芳しく         87
良き          86
名高い         86
鋭い          85
くさい         85
芳しい         84
悪かっ         84
寂し          79
恋し          78
欲し          76
コワ          76
危ない         75
明る          72
苦しい         70
危うく         67
汚い          66
可愛い         66
忙しい         62
怖く          61
思いがけない      60
あぶない        59
ほし          59
温かく         58
ぼろし         58
っぽい         58
固く          57
色濃く         57
酷く          57
淡い          56
忙しく         55
相応しい        53
恐ろし         52
凄まじい        51
長き          50
赤く          50
切ない         49
しつこく        49
鋭く          49
つまらない       48
甘く          48
固い          48
くろ          46
素晴らし        46
醜く          45
黒く          44
激し          44
おも          44
素晴らしき       44
空しく         43
貧しく         43
懐かしい        43
よし          42
力強い         42
ええ          42
すごく         42
苦い          42
古き          41
寒い          41
思しき         41
っぽ          41
難しかっ        41
幼く          40
温かい         40
輝かしい        39
可愛          39
奥深く         38
あっけなく       38
悔し          38
熱く          38
おぞましい       38
むなしく        38
にく          37
すばらしい       37
臭い          37
かわいい        37
欲しかっ        36
白く          36
寂しい         36
辛く          36
あかい         35
しがない        35
素晴らしく       35
くし          35
力強く         34
やさしい        33
やすかっ        33
あえなく        33
おいしい        33
厳し          32
凄い          32
愛し          32
嬉し          32
うれしい        32
悲し          32
つよく         31
大人しく        31
くろい         31
くだらない       30
疎ましく        30
良し          30
おもしろい       30
嬉しい         29
ままならない      29
気まずい        29
濃く          29
暖かい         29
親し          28
忌まわしい       28
哀しい         28
何気なく        28
無し          28
面白かっ        28
痛い          28
おとなしく       28
正しかっ        28
楽しかっ        28
うまい         28
難し          28
素早い         27
高き          27
好ましく        27
根強い         27
紅い          26
虚しく         26
こよなく        26
生々しい        26
危うい         25
上手い         25
おとなしい       25
相応しく        25
ふさわしく       25
恥ずかしい       25
たくましく       25
薄暗い         25
珍しかっ        24
よき          24
うつくしい       24
遅かっ         24
おびただしい      23
やさしく        23
程遠い         23
いとし         23
しろい         23
近かっ         23
無き          23
新しき         23
うま          22
少な          22
多き          22
懐かし         22
っぽく         22
蒼き          22
気難しい        22
とてつもない      22
欲しく         22
極まりない       21
ボロ          21
寂しく         21
逞しい         21
重苦しい        21
生々しく        21
あつ          21
丸く          21
難く          21
おもしろ        21
慎ましく        21
深き          21
おぞ          21
悲しく         21
悪しき         21
すさまじい       21
訝し          20
あさ          20
苦し          20
さむ          20
賢い          20
根強く         20
でっかい        20
青く          20
深かっ         20
愛しき         20
華々しく        20
力強          20
えらい         20
あさま         20
めでたく        19
人間らしい       19
いやらしい       19
まずい         19
険しい         19
恐ろしく        19
悲しき         19
小さき         19
きつく         19
小さ          19
暖かく         19
華々しい        19
そぐわない       19
可愛らしい       19
たのしい        18
あおい         18
何気ない        18
騒がしい        18
ほしく         18
きわどい        18
慌ただしく       18
注意深く        18
苦々しく        18
虚し          18
苦しく         18
荒い          18
うるさい        18
妖しい         18
永い          18
悪し          17
はやく         17
賢く          17
にくかっ        17
等しく         17
残り少ない       17
痛ましい        17
堅い          17
親しかっ        17
づらく         17
相容れない       16
嬉しかっ        16
貧し          16
温か          16
心地よい        16
忙し          16
荒々しい        16
四角い         16
恥ずかしく       16
えら           0
うとう          0
おおく          0
おもろ          0
おもい          0
ちかい          0
おし           0
すばやく         0
こき           0
うい           0
かい           0
うすい          0
くろし          0
あらい          0
くち           0
こわし          0
くき           0
くい           0
おおい          0
きつい          0
がたく          0
がた           0
しげ           0
かる           0
しぶ           0
かいし          0
すい           0
うき           0
うす           0
おお           0
黒っぽい         0
なかれ          0
甚だしく         0
硬く           0
短かっ          0
白っぽい         0
疑わしく         0
疑わしき         0
疑わしい         0
甲高い          0
狭かっ          0
篤く           0
無けれ          0
激しかっ         0
正し           0
柔らかく         0
望ましく         0
暑く           0
暑い           0
等しかっ         0
粗い           0
なが           0
血なまぐさい       0
黄色く          0
高けれ          0
長かっ          0
鈍く           0
鈍い           0
近しい          0
許可なく         0
薄かっ          0
粘り強く         0
荒く           0
良けれ          0
緩く           0
緩い           0
細長く          0
細く           0
紛らわしい        0
易く           0
早けれ          0
早かっ          0
むさし          0
凄まじく         0
乏しかっ         0
久しく          0
丸い           0
やむを得ない       0
やまし          0
めざまし         0
まる           0
数多い          0
ぽう           0
ほど近い         0
ほそ           0
ほしかっ         0
ひろく          0
ひろ           0
にが           0
分厚い          0
分厚く          0
厚かっ          0
厳しかっ         0
手厚く          0
怖かっ          0
幼かっ          0
平たく          0
平たい          0
少なかれ         0
小高い          0
小さかっ         0
尊い           0
寒く           0
太く           0
大きけれ         0
多かれ          0
善き           0
名高く          0
弱かっ          0
**********************************************************




文書: 0928_keiyou/sougou_N_sports.txt
        TF-IDF
くさい         71
めざまし        45
細く          43
鋭い          41
面白い         37
好ましく        36
根強い         35
楽し          33
柔らかく        33
楽しい         32
楽しく         31
難し          31
太く          29
良かっ         29
面白          29
固く          28
丸い          26
悪かっ         26
長き          24
明るく         24
少な          24
むさし         24
厳し          23
鋭く          23
寒い          23
良し          23
硬く          21
等しく         21
素早い         21
四角い         21
ええ          19
づらく         19
黄色い         19
美しく         19
うまい         19
若き          19
固い          18
望ましく        18
丸く          18
やむを得ない      18
ひどい         17
きつい         17
なき          17
おも          17
かわいい        17
数多い         17
辛い          17
良き          17
黒く          16
無し          16
痛い          16
輝かしい        15
若く          15
苦しい         15
易く          15
おおい         15
おかしい        15
明る          14
熱い          14
暑い          14
凄まじい        14
芳しく         14
ちかい         14
無けれ         14
緩い          14
すい          13
ほしく          0
ほしかっ         0
まる           0
やまし          0
よかっ          0
やすかっ         0
ほそ           0
ほど近い         0
ぼろし          0
やさしい         0
めでたく         0
ぽう           0
まずい          0
むなしく         0
ままならない       0
やさしく         0
黒っぽい         0
よき           0
可愛らしい        0
危うい          0
危うく          0
危ない          0
厚かっ          0
厳しかっ         0
古き           0
可愛           0
可愛い          0
名高い          0
力強い          0
名高く          0
哀しい          0
善き           0
堅い           0
多かれ          0
多き           0
大きけれ         0
大人しく         0
力強く          0
力強           0
よし           0
何気なく         0
コワ           0
ボロ           0
上手い          0
久しく          0
乏しかっ         0
人間らしい        0
ふさわしく        0
何気ない         0
優し           0
切ない          0
優しい          0
優しく          0
冷たい          0
冷たく          0
凄い           0
凄まじく         0
分厚い          0
分厚く          0
ほし           0
つまらない        0
ひろく          0
おとなしく        0
おいしい         0
おお           0
おおく          0
おかしく         0
おし           0
おぞ           0
おぞましい        0
おとなしい        0
おびただしい       0
きつく          0
おもい          0
おもしろ         0
おもしろい        0
おもろ          0
かい           0
かいし          0
かる           0
がた           0
えらい          0
えら           0
うれしい         0
うるさい         0
あおい          0
あかい          0
あさ           0
あさま          0
あっけなく        0
あつ           0
あぶない         0
あらい          0
いとし          0
いやらしい        0
うい           0
うき           0
うす           0
うすい          0
うつくしい        0
うとう          0
うま           0
がたく          0
きわどい         0
ひろ           0
つらい          0
すばらしい        0
そぐわない        0
たくましく        0
たのしい         0
っぽ           0
っぽい          0
っぽく          0
つよく          0
でっかい         0
くい           0
とてつもない       0
なかれ          0
なが           0
にが           0
にく           0
にくかっ         0
はやく          0
ひどく          0
すばやく         0
すさまじい        0
すごく          0
すごい          0
くき           0
くし           0
くだらない        0
くち           0
くろ           0
くろい          0
くろし          0
こい           0
こき           0
こよなく         0
こわし          0
さむ           0
しがない         0
しげ           0
しつこく         0
しぶ           0
しろい          0
奥深く          0
弱かっ          0
妖しい          0
良けれ          0
紛らわしい        0
素晴らし         0
素晴らしき        0
素晴らしく        0
細長く          0
緩く           0
美しき          0
臭い           0
色濃く          0
華々しく         0
芳しい          0
苦々しく         0
苦い           0
苦し           0
苦しく          0
荒々しい         0
荒い           0
荒く           0
紅い           0
粘り強く         0
粗い           0
篤く           0
生々しい         0
生々しく         0
甲高い          0
疎ましく         0
疑わしい         0
疑わしき         0
疑わしく         0
痛ましい         0
白く           0
白っぽい         0
相容れない        0
相応しい         0
相応しく         0
短かっ          0
程遠い          0
空しく          0
等しかっ         0
華々しい         0
蒼き           0
嬉し           0
険しい          0
酷い           0
酷く           0
醜い           0
醜く           0
重苦しい         0
鈍い           0
鈍く           0
長かっ          0
難く           0
薄かっ          0
難しかっ         0
青く           0
面白かっ         0
面白く          0
騒がしい         0
高き           0
高けれ          0
黄色く          0
遅かっ          0
逞しい          0
近しい          0
近かっ          0
薄暗い          0
虚し           0
虚しく          0
血なまぐさい       0
親し           0
親しい          0
親しかっ         0
親しく          0
訝し           0
許可なく         0
貧し           0
貧しい          0
貧しく          0
賢い           0
賢く           0
赤く           0
辛く           0
甚だしく         0
甘く           0
甘い           0
恐ろし          0
快く           0
怖い           0
怖かっ          0
怖く           0
思いがけない       0
思しき          0
怪しい          0
恋し           0
恐ろしい         0
珍しかっ         0
恐ろしく         0
恥ずかしい        0
恥ずかしく        0
悔し           0
悪し           0
悪しき          0
悲し           0
悲しい          0
忙しく          0
忙しい          0
忙し           0
忌まわしい        0
嬉しい          0
嬉しかっ         0
寂し           0
寂しい          0
寂しく          0
寒く           0
尊い           0
小さ           0
小さかっ         0
小さき          0
小高い          0
少なかれ         0
平たい          0
平たく          0
幼かっ          0
幼く           0
心地よい         0
悲しき          0
悲しく          0
愛し           0
正しかっ         0
気まずい         0
気難しい         0
永い           0
汚い           0
注意深く         0
淡い           0
深かっ          0
深き           0
温か           0
温かい          0
温かく          0
激し           0
激しかっ         0
濃く           0
無き           0
熱く           0
狭かっ          0
残り少ない        0
正し           0
愛しき          0
欲しく          0
慌ただしく        0
慎ましく         0
懐かし          0
懐かしい         0
手厚く          0
新しき          0
早かっ          0
早けれ          0
暑く           0
暖かい          0
暖かく          0
暗く           0
根強く          0
極まりない        0
楽しかっ         0
欲し           0
欲しかっ         0
あえなく         0
**********************************************************




文書: 0928_keiyou/sougou_new_music.txt
        TF-IDF
鋭い          86
力強い         63
若き          55
美しく         54
明るく         54
丸い          48
根強い         44
太く          42
名高い         40
貧しい         37
数多い         35
楽しい         34
細く          34
等しく         34
柔らかく        33
っぽい         32
小さ          32
少な          31
美しき         30
悲しい         30
鋭く          27
素早い         27
かる          27
やすかっ        27
難しかっ        27
若く          26
楽し          26
暗く          25
面白い         25
なき          25
芳しく         25
良し          25
くさい         24
良き          24
優しい         24
上手い         24
こい          24
面白          23
よかっ         23
分厚い         22
色濃く         22
おも          22
好ましく        22
固い          21
おかしく        21
根強く         21
長き          21
悪かっ         21
甘い          20
こき          20
づらく         19
深かっ         19
力強く         19
難し          19
黒く          19
堅い          19
冷たく         19
丸く          18
可愛い         18
早かっ         18
悪し          18
甲高い         18
甘く          18
輝かしい        17
相応しい        17
明る          17
濃く          17
良かっ         16
悲しき         16
ぽう           0
ほしく          0
ふさわしく        0
可愛らしい        0
めざまし         0
名高く          0
哀しい          0
善き           0
ほし           0
むなしく         0
ほしかっ         0
四角い          0
固く           0
ほそ           0
まずい          0
むさし          0
ほど近い         0
多かれ          0
まる           0
大きけれ         0
多き           0
ままならない       0
ぼろし          0
めでたく         0
何気なく         0
やさしい         0
危うい          0
何気ない         0
優しく          0
人間らしい        0
乏しかっ         0
冷たい          0
久しく          0
ひろく          0
凄い           0
凄まじい         0
凄まじく         0
分厚く          0
切ない          0
力強           0
ボロ           0
やさしく         0
コワ           0
危うく          0
よし           0
危ない          0
厚かっ          0
よき           0
厳し           0
厳しかっ         0
やむを得ない       0
古き           0
優し           0
可愛           0
やまし          0
黒っぽい         0
つよく          0
ひろ           0
ひどく          0
えらい          0
おいしい         0
おお           0
おおい          0
おおく          0
おかしい         0
おし           0
おぞ           0
おぞましい        0
おとなしい        0
おとなしく        0
おびただしい       0
おもい          0
おもしろ         0
おもしろい        0
おもろ          0
かい           0
かいし          0
かわいい         0
えら           0
ええ           0
うれしい         0
いとし          0
あおい          0
あかい          0
あさ           0
あさま          0
あっけなく        0
あつ           0
あぶない         0
あらい          0
いやらしい        0
うるさい         0
うい           0
うき           0
うす           0
うすい          0
うつくしい        0
うとう          0
うま           0
うまい          0
がた           0
がたく          0
きつい          0
つらい          0
すばらしい        0
そぐわない        0
たくましく        0
たのしい         0
ちかい          0
っぽ           0
っぽく          0
つまらない        0
でっかい         0
すさまじい        0
とてつもない       0
なかれ          0
なが           0
にが           0
にく           0
にくかっ         0
はやく          0
ひどい          0
すばやく         0
すごく          0
きつく          0
くろし          0
きわどい         0
くい           0
くき           0
くし           0
くだらない        0
くち           0
くろ           0
くろい          0
こよなく         0
すごい          0
こわし          0
さむ           0
しがない         0
しげ           0
しつこく         0
しぶ           0
しろい          0
すい           0
大人しく         0
弱かっ          0
奥深く          0
芳しい          0
素晴らし         0
素晴らしき        0
素晴らしく        0
細長く          0
緩い           0
緩く           0
臭い           0
良けれ          0
苦々しく         0
妖しい          0
苦い           0
苦し           0
苦しい          0
苦しく          0
荒々しい         0
荒い           0
荒く           0
華々しい         0
紛らわしい        0
紅い           0
粘り強く         0
粗い           0
生々しく         0
疎ましく         0
疑わしい         0
疑わしき         0
疑わしく         0
痛い           0
痛ましい         0
白く           0
白っぽい         0
相容れない        0
相応しく         0
短かっ          0
硬く           0
程遠い          0
空しく          0
等しかっ         0
篤く           0
華々しく         0
蒼き           0
薄かっ          0
遅かっ          0
酷く           0
醜い           0
醜く           0
重苦しい         0
鈍い           0
鈍く           0
長かっ          0
険しい          0
難く           0
青く           0
面白かっ         0
面白く          0
騒がしい         0
高き           0
高けれ          0
黄色い          0
黄色く          0
酷い           0
逞しい          0
薄暗い          0
近しい          0
虚し           0
虚しく          0
血なまぐさい       0
親し           0
親しい          0
親しかっ         0
親しく          0
訝し           0
許可なく         0
貧し           0
貧しく          0
賢い           0
賢く           0
赤く           0
辛い           0
辛く           0
近かっ          0
生々しい         0
甚だしく         0
珍しかっ         0
忙し           0
忙しく          0
快く           0
怖い           0
怖かっ          0
怖く           0
思いがけない       0
思しき          0
怪しい          0
恋し           0
恐ろし          0
恐ろしい         0
恐ろしく         0
恥ずかしい        0
恥ずかしく        0
悔し           0
悪しき          0
悲し           0
忙しい          0
忌まわしい        0
愛し           0
心地よい         0
嬉し           0
嬉しい          0
嬉しかっ         0
寂し           0
寂しい          0
寂しく          0
寒い           0
寒く           0
尊い           0
小さかっ         0
小さき          0
小高い          0
少なかれ         0
平たい          0
平たく          0
幼かっ          0
幼く           0
悲しく          0
愛しき          0
狭かっ          0
正しかっ         0
気まずい         0
気難しい         0
永い           0
汚い           0
注意深く         0
淡い           0
深き           0
温か           0
温かい          0
温かく          0
激し           0
激しかっ         0
無き           0
無けれ          0
無し           0
熱い           0
熱く           0
残り少ない        0
正し           0
慌ただしく        0
欲しく          0
慎ましく         0
懐かし          0
懐かしい         0
手厚く          0
新しき          0
早けれ          0
易く           0
暑い           0
暑く           0
暖かい          0
暖かく          0
望ましく         0
極まりない        0
楽しかっ         0
楽しく          0
欲し           0
欲しかっ         0
あえなく         0
**********************************************************




文書: 0928_keiyou/sougou_spot.txt
        TF-IDF
すい         217
小高い         78
おおい         68
っぽ          67
険しい         66
美しく         51
くろ          50
よし          47
名高い         46
おお          39
なき          37
ほど近い        37
うい          36
色濃く         34
うすい         34
なが          31
細長く         31
くさい         30
白く          30
むさし         28
がた          27
ほそ          27
こい          26
篤く          26
深かっ         25
くい          23
細く          22
冷たい         22
やまし         22
数多い         21
相応しい        21
おも          20
しぶ          19
ぽう          19
濃く          19
くろし         18
明るく         18
赤く          18
うす          18
あさ          18
優しい         18
丸い          17
怪しい         17
名高く         17
おもしろ        16
暖かい         16
まる          15
こわし         15
良けれ         15
あつ          15
根強い         14
緩い          14
おいしい        14
おもろ         14
おおく         14
小さかっ        14
狭かっ         14
かい          14
やさしい        14
長き          14
楽しい         14
暑く          13
良き          13
近かっ         13
あらい         12
寒く          12
許可なく        12
くち          12
楽し          12
やさしく         0
上手い          0
何気なく         0
よき           0
何気ない         0
コワ           0
ボロ           0
人間らしい        0
むなしく         0
やすかっ         0
よかっ          0
乏しかっ         0
めざまし         0
めでたく         0
丸く           0
久しく          0
やむを得ない       0
黒っぽい         0
優し           0
優しく          0
哀しい          0
善き           0
四角い          0
固い           0
固く           0
堅い           0
多かれ          0
多き           0
大きけれ         0
大人しく         0
太く           0
奥深く          0
好ましく         0
妖しい          0
嬉し           0
嬉しい          0
嬉しかっ         0
可愛らしい        0
可愛い          0
可愛           0
力強           0
冷たく          0
凄い           0
凄まじい         0
凄まじく         0
分厚い          0
ままならない       0
切ない          0
力強い          0
古き           0
力強く          0
危うい          0
危うく          0
危ない          0
厚かっ          0
厳し           0
厳しかっ         0
分厚く          0
とてつもない       0
まずい          0
かいし          0
おぞ           0
おぞましい        0
おとなしい        0
おとなしく        0
おびただしい       0
おもい          0
おもしろい        0
かる           0
おかしく         0
かわいい         0
がたく          0
きつい          0
きつく          0
きわどい         0
くき           0
くし           0
おし           0
おかしい         0
ぼろし          0
うき           0
あおい          0
あかい          0
あさま          0
あっけなく        0
あぶない         0
いとし          0
いやらしい        0
うつくしい        0
えらい          0
うとう          0
うま           0
うまい          0
うるさい         0
うれしい         0
ええ           0
えら           0
くだらない        0
くろい          0
こき           0
はやく          0
づらく          0
でっかい         0
寂しい          0
なかれ          0
にが           0
にく           0
にくかっ         0
ひどい          0
こよなく         0
ひどく          0
ひろ           0
ひろく          0
ふさわしく        0
ほし           0
ほしかっ         0
ほしく          0
つらい          0
つよく          0
つまらない        0
っぽく          0
さむ           0
しがない         0
しげ           0
しつこく         0
しろい          0
すごい          0
すごく          0
すさまじい        0
すばやく         0
すばらしい        0
そぐわない        0
たくましく        0
たのしい         0
ちかい          0
っぽい          0
寂し           0
弱かっ          0
寂しく          0
寒い           0
美しき          0
臭い           0
良かっ          0
良し           0
芳しい          0
芳しく          0
若き           0
若く           0
苦々しく         0
苦い           0
苦し           0
苦しい          0
苦しく          0
荒々しい         0
荒い           0
荒く           0
華々しい         0
華々しく         0
蒼き           0
緩く           0
素晴らしく        0
素晴らしき        0
硬く           0
疑わしき         0
疑わしく         0
痛い           0
痛ましい         0
白っぽい         0
相容れない        0
相応しく         0
短かっ          0
程遠い          0
素晴らし         0
空しく          0
等しかっ         0
等しく          0
粗い           0
粘り強く         0
紅い           0
紛らわしい        0
素早い          0
薄かっ          0
薄暗い          0
虚し           0
青く           0
鈍い           0
鈍く           0
鋭い           0
鋭く           0
長かっ          0
難く           0
難し           0
難しかっ         0
面白           0
醜く           0
面白い          0
面白かっ         0
面白く          0
騒がしい         0
高き           0
高けれ          0
黄色い          0
黄色く          0
重苦しい         0
醜い           0
虚しく          0
貧しく          0
血なまぐさい       0
親し           0
親しい          0
親しかっ         0
親しく          0
訝し           0
貧し           0
貧しい          0
賢い           0
酷く           0
賢く           0
輝かしい         0
辛い           0
辛く           0
近しい          0
逞しい          0
遅かっ          0
酷い           0
疑わしい         0
疎ましく         0
甲高い          0
悪しき          0
恐ろし          0
恐ろしい         0
恐ろしく         0
恥ずかしい        0
恥ずかしく        0
悔し           0
悪かっ          0
悪し           0
悲し           0
思しき          0
悲しい          0
悲しき          0
悲しく          0
愛し           0
愛しき          0
慌ただしく        0
慎ましく         0
懐かし          0
恋し           0
思いがけない       0
手厚く          0
幼く           0
尊い           0
小さ           0
小さき          0
少な           0
少なかれ         0
平たい          0
平たく          0
幼かっ          0
黒く           0
怖く           0
心地よい         0
忌まわしい        0
忙し           0
忙しい          0
忙しく          0
快く           0
怖い           0
怖かっ          0
懐かしい         0
新しき          0
生々しく         0
無き           0
注意深く         0
淡い           0
深き           0
温か           0
温かい          0
温かく          0
激し           0
激しかっ         0
無けれ          0
永い           0
無し           0
熱い           0
熱く           0
珍しかっ         0
甘い           0
甘く           0
甚だしく         0
生々しい         0
汚い           0
気難しい         0
早かっ          0
根強く          0
早けれ          0
明る           0
易く           0
暑い           0
暖かく          0
暗く           0
望ましく         0
柔らかく         0
極まりない        0
気まずい         0
楽しかっ         0
楽しく          0
欲し           0
欲しかっ         0
欲しく          0
正し           0
正しかっ         0
残り少ない        0
あえなく         0
**********************************************************




文書: 0928_keiyou/sougou_N_traffic.txt
        TF-IDF
くろし         15
険しい         10
おおい         10
黄色い         10
悪かっ         10
長き          10
黒っぽい         0
よし           0
コワ           0
ボロ           0
上手い          0
丸い           0
丸く           0
久しく          0
乏しかっ         0
人間らしい        0
よかっ          0
何気ない         0
何気なく         0
優し           0
優しい          0
優しく          0
冷たい          0
冷たく          0
凄い           0
凄まじい         0
凄まじく         0
よき           0
やまし          0
やむを得ない       0
ぽう           0
ひろ           0
ひろく          0
ふさわしく        0
ほし           0
ほしかっ         0
ほしく          0
ほそ           0
ほど近い         0
ぼろし          0
まずい          0
分厚く          0
ままならない       0
まる           0
むさし          0
むなしく         0
めざまし         0
めでたく         0
やさしい         0
やさしく         0
やすかっ         0
分厚い          0
力強い          0
切ない          0
寂しい          0
大人しく         0
太く           0
奥深く          0
好ましく         0
妖しい          0
嬉し           0
嬉しい          0
嬉しかっ         0
寂し           0
寂しく          0
力強           0
寒い           0
寒く           0
尊い           0
小さ           0
小さかっ         0
小さき          0
小高い          0
少な           0
少なかれ         0
大きけれ         0
多き           0
多かれ          0
堅い           0
ひどい          0
力強く          0
危うい          0
危うく          0
危ない          0
厚かっ          0
厳し           0
厳しかっ         0
古き           0
可愛           0
可愛い          0
可愛らしい        0
名高い          0
名高く          0
哀しい          0
善き           0
四角い          0
固い           0
固く           0
ひどく          0
にく           0
はやく          0
おとなしく        0
おいしい         0
おお           0
おおく          0
おかしい         0
おかしく         0
おし           0
おぞ           0
おぞましい        0
おとなしい        0
おびただしい       0
がたく          0
おも           0
おもい          0
おもしろ         0
おもしろい        0
おもろ          0
かい           0
かいし          0
かる           0
かわいい         0
えらい          0
えら           0
ええ           0
うれしい         0
あおい          0
あかい          0
あさ           0
あさま          0
あっけなく        0
あつ           0
あぶない         0
あらい          0
いとし          0
いやらしい        0
うい           0
うき           0
うす           0
うすい          0
うつくしい        0
うとう          0
うま           0
うまい          0
うるさい         0
がた           0
きつい          0
にくかっ         0
つまらない        0
すばやく         0
すばらしい        0
そぐわない        0
たくましく        0
たのしい         0
ちかい          0
っぽ           0
っぽい          0
っぽく          0
つよく          0
きつく          0
つらい          0
づらく          0
でっかい         0
とてつもない       0
なかれ          0
なが           0
なき           0
にが           0
平たく          0
すさまじい        0
すごく          0
すごい          0
すい           0
きわどい         0
くい           0
くき           0
くさい          0
くし           0
くだらない        0
くち           0
くろ           0
くろい          0
こい           0
こき           0
こよなく         0
こわし          0
さむ           0
しがない         0
しげ           0
しつこく         0
しぶ           0
しろい          0
平たい          0
弱かっ          0
幼かっ          0
若く           0
臭い           0
良かっ          0
良き           0
良けれ          0
良し           0
色濃く          0
芳しい          0
芳しく          0
若き           0
苦々しく         0
美しき          0
苦い           0
苦し           0
苦しい          0
苦しく          0
荒々しい         0
荒い           0
荒く           0
華々しい         0
華々しく         0
美しく          0
緩く           0
白く           0
篤く           0
相容れない        0
相応しい         0
相応しく         0
短かっ          0
硬く           0
程遠い          0
空しく          0
等しかっ         0
等しく          0
粗い           0
緩い           0
粘り強く         0
紅い           0
紛らわしい        0
素早い          0
素晴らし         0
素晴らしき        0
素晴らしく        0
細く           0
細長く          0
蒼き           0
薄かっ          0
薄暗い          0
難し           0
醜い           0
醜く           0
重苦しい         0
鈍い           0
鈍く           0
鋭い           0
鋭く           0
長かっ          0
難く           0
難しかっ         0
虚し           0
青く           0
面白           0
面白い          0
面白かっ         0
面白く          0
騒がしい         0
高き           0
高けれ          0
黄色く          0
酷く           0
酷い           0
遅かっ          0
逞しい          0
虚しく          0
血なまぐさい       0
親し           0
親しい          0
親しかっ         0
親しく          0
訝し           0
許可なく         0
貧し           0
貧しい          0
貧しく          0
賢い           0
賢く           0
赤く           0
輝かしい         0
辛い           0
辛く           0
近かっ          0
近しい          0
白っぽい         0
痛ましい         0
幼く           0
数多い          0
悲しき          0
悲しく          0
愛し           0
愛しき          0
慌ただしく        0
慎ましく         0
懐かし          0
懐かしい         0
手厚く          0
新しき          0
悲し           0
早かっ          0
早けれ          0
明る           0
明るく          0
易く           0
暑い           0
暑く           0
暖かい          0
暖かく          0
悲しい          0
悪しき          0
痛い           0
怖く           0
黒く           0
心地よい         0
忌まわしい        0
忙し           0
忙しい          0
忙しく          0
快く           0
怖い           0
怖かっ          0
思いがけない       0
悪し           0
思しき          0
怪しい          0
恋し           0
恐ろし          0
恐ろしい         0
恐ろしく         0
恥ずかしい        0
恥ずかしく        0
悔し           0
暗く           0
望ましく         0
柔らかく         0
珍しかっ         0
激し           0
激しかっ         0
濃く           0
無き           0
無けれ          0
無し           0
熱い           0
熱く           0
狭かっ          0
甘い           0
根強い          0
甘く           0
甚だしく         0
生々しい         0
生々しく         0
甲高い          0
疎ましく         0
疑わしい         0
疑わしき         0
疑わしく         0
温かく          0
温かい          0
温か           0
深き           0
根強く          0
極まりない        0
楽し           0
楽しい          0
楽しかっ         0
楽しく          0
欲し           0
欲しかっ         0
欲しく          0
正し           0
正しかっ         0
残り少ない        0
気まずい         0
気難しい         0
永い           0
汚い           0
注意深く         0
淡い           0
深かっ          0
あえなく         0
**********************************************************




